<?xml version="1.0" encoding="UTF-8"?>
<robot generator="Robot 7.3.2 (Python 3.11.9 on win32)" generated="2025-11-14T20:14:58.063766" rpa="false" schemaversion="5">
<suite id="s1" name="GRC_Task_API" source="d:\Projects\GRC-Master\Assessmant-GRC\apps\bff\test\grc-api-tests.robot">
<kw name="Setup Test Environment" type="SETUP">
<kw name="Create Session" owner="RequestsLibrary">
<msg time="2025-11-14T20:14:58.269025" level="INFO">Creating Session using : alias=grc_bff, url=http://localhost:3005, headers={},                     cookies={}, auth=None, timeout=None, proxies=None, verify=False,                     debug=0 </msg>
<arg>grc_bff</arg>
<arg>${BASE_URL}</arg>
<arg>verify=False</arg>
<doc>Create Session: create a HTTP session to a server</doc>
<status status="PASS" start="2025-11-14T20:14:58.269025" elapsed="0.000581"/>
</kw>
<kw name="Log" owner="BuiltIn">
<msg time="2025-11-14T20:14:58.269606" level="INFO">GRC RoboCon Test Suite Started</msg>
<arg>GRC RoboCon Test Suite Started</arg>
<doc>Logs the given message with the given level.</doc>
<status status="PASS" start="2025-11-14T20:14:58.269606" elapsed="0.000000"/>
</kw>
<kw name="Log" owner="BuiltIn">
<msg time="2025-11-14T20:14:58.270145" level="INFO">Base URL: http://localhost:3005</msg>
<arg>Base URL: ${BASE_URL}</arg>
<doc>Logs the given message with the given level.</doc>
<status status="PASS" start="2025-11-14T20:14:58.270145" elapsed="0.000000"/>
</kw>
<doc>Initialize test environment</doc>
<status status="PASS" start="2025-11-14T20:14:58.267953" elapsed="0.002192"/>
</kw>
<test id="s1-t1" name="TC001_Health_Check" line="23">
<kw name="GET" owner="RequestsLibrary">
<msg time="2025-11-14T20:14:58.278808" level="INFO">GET Request : url=http://localhost:3005/health 
 path_url=/health 
 headers={'User-Agent': 'python-requests/2.31.0', 'Accept-Encoding': 'gzip, deflate, br, zstd', 'Accept': '*/*', 'Connection': 'keep-alive'} 
 body=None 
 </msg>
<msg time="2025-11-14T20:14:58.278808" level="INFO">GET Response : url=http://localhost:3005/health 
 status=200, reason=OK 
 headers={'X-Request-ID': 'req_1763140498282_43074d646ad723dd', 'Content-Security-Policy': "default-src 'self';script-src 'self' 'unsafe-inline';style-src 'self' 'unsafe-inline';img-src 'self' data: https:;connect-src 'self';font-src 'self';object-src 'none';media-src 'self';frame-src 'none';base-uri 'self';form-action 'self';frame-ancestors 'self';script-src-attr 'none';upgrade-insecure-requests", 'Cross-Origin-Opener-Policy': 'same-origin', 'Cross-Origin-Resource-Policy': 'cross-origin', 'Origin-Agent-Cluster': '?1', 'Referrer-Policy': 'no-referrer', 'Strict-Transport-Security': 'max-age=31536000; includeSubDomains; preload', 'X-Content-Type-Options': 'nosniff', 'X-DNS-Prefetch-Control': 'off', 'X-Download-Options': 'noopen', 'X-Frame-Options': 'DENY', 'X-Permitted-Cross-Domain-Policies': 'none', 'X-XSS-Protection': '0', 'Vary': 'Origin', 'Access-Control-Allow-Credentials': 'true', 'X-Response-Time': '0ms', 'Content-Type': 'application/json; charset=utf-8', 'Content-Length': '143', 'ETag': 'W/"8f-Q6u86x6vRx+zO93r0Coiiy7vOK4"', 'Date': 'Fri, 14 Nov 2025 17:14:58 GMT', 'Connection': 'keep-alive', 'Keep-Alive': 'timeout=5'} 
 body={"status":"healthy","service":"BFF","timestamp":"2025-11-14T17:14:58.282Z","uptime":344.8411704,"environment":"development ","version":"1.0.0"} 
 </msg>
<msg time="2025-11-14T20:14:58.278808" level="INFO">${response} = &lt;Response [200]&gt;</msg>
<var>${response}</var>
<arg>${BASE_URL}/health</arg>
<arg>expected_status=200</arg>
<doc>Sends a GET request.</doc>
<status status="PASS" start="2025-11-14T20:14:58.270676" elapsed="0.008132"/>
</kw>
<kw name="Log" owner="BuiltIn">
<msg time="2025-11-14T20:14:58.278808" level="INFO">Server Status: {'status': 'healthy', 'service': 'BFF', 'timestamp': '2025-11-14T17:14:58.282Z', 'uptime': 344.8411704, 'environment': 'development ', 'version': '1.0.0'}</msg>
<arg>Server Status: ${response.json()}</arg>
<doc>Logs the given message with the given level.</doc>
<status status="PASS" start="2025-11-14T20:14:58.278808" elapsed="0.000000"/>
</kw>
<doc>Verify BFF server is running</doc>
<tag>smoke</tag>
<status status="PASS" start="2025-11-14T20:14:58.270145" elapsed="0.008663"/>
</test>
<test id="s1-t2" name="TC002_Get_All_Tasks" line="29">
<kw name="Create Dictionary" owner="BuiltIn">
<msg time="2025-11-14T20:14:58.288436" level="INFO">${params} = {'limit': '20', 'page': '1'}</msg>
<var>${params}</var>
<arg>limit=20</arg>
<arg>page=1</arg>
<doc>Creates and returns a dictionary based on the given ``items``.</doc>
<status status="PASS" start="2025-11-14T20:14:58.288071" elapsed="0.000365"/>
</kw>
<kw name="GET" owner="RequestsLibrary">
<msg time="2025-11-14T20:14:59.150627" level="INFO">GET Request : url=http://localhost:3005/api/tasks?limit=20&amp;page=1 
 path_url=/api/tasks?limit=20&amp;page=1 
 headers={'User-Agent': 'python-requests/2.31.0', 'Accept-Encoding': 'gzip, deflate, br, zstd', 'Accept': '*/*', 'Connection': 'keep-alive'} 
 body=None 
 </msg>
<msg time="2025-11-14T20:14:59.151148" level="INFO">GET Response : url=http://localhost:3005/api/tasks?limit=20&amp;page=1 
 status=200, reason=OK 
 headers={'X-Request-ID': 'req_1763140498291_e3830316174e981f', 'Content-Security-Policy': "default-src 'self';script-src 'self' 'unsafe-inline';style-src 'self' 'unsafe-inline';img-src 'self' data: https:;connect-src 'self';font-src 'self';object-src 'none';media-src 'self';frame-src 'none';base-uri 'self';form-action 'self';frame-ancestors 'self';script-src-attr 'none';upgrade-insecure-requests", 'Cross-Origin-Opener-Policy': 'same-origin', 'Cross-Origin-Resource-Policy': 'cross-origin', 'Origin-Agent-Cluster': '?1', 'Referrer-Policy': 'no-referrer', 'Strict-Transport-Security': 'max-age=31536000; includeSubDomains; preload', 'X-Content-Type-Options': 'nosniff', 'X-DNS-Prefetch-Control': 'off', 'X-Download-Options': 'noopen', 'X-Frame-Options': 'DENY', 'X-Permitted-Cross-Domain-Policies': 'none', 'X-XSS-Protection': '0', 'Vary': 'Origin', 'Access-Control-Allow-Credentials': 'true', 'RateLimit-Policy': '100;w=900', 'RateLimit-Limit': '100', 'RateLimit-Remaining': '31', 'RateLimit-Reset': '574', 'X-Response-Time': '856ms', 'Content-Type': 'application/json; charset=utf-8', 'Content-Length': '62004', 'ETag': 'W/"f234-bf2VHJSrIhiRqIn7rEWqexdGuyw"', 'Date': 'Fri, 14 Nov 2025 17:14:59 GMT', 'Connection': 'keep-alive', 'Keep-Alive': 'timeout=5'} 
 body={"success":true,"data":[{"id":"eff087b8-02a0-4c91-9833-b724c7f84165","tenant_id":"default","task_type":"assessment","title":"[NCA ECC v2.0] NCA ECC: Business Continuity","title_ar":"تطبيق واختبار ضوابط 'Business Continuity' وفق الإصدار الثاني من ضوابط الأمن السيبراني الأساسية (NCA ECC). تحديد النطاق والمالكين المسؤولين، والحفاظ على خطوط الأساس للإعدادات، والاحتفاظ بأدلة التشغيل (إعدادات/لقطات/تقارير). تتبع حالات عدم المطابقة وإغلاق إجراءات المعالجة ضمن اتفاقيات مستوى الخدمة. الحد الأدنى للأدلة: [Policy/Standard; Configuration/Capture; Report/Review]. المالك: nan. الأولوية: Critical. المراجعة القادمة: 2026-05-08.","description":"Implement and periodically test controls under NCA ECC v2.0 – 'Business Continuity'. Define scope and responsible owners, maintain configuration baselines, and retain proof of control operation (configs/screenshots/reports). Track nonconformities and close remediation actions within defined SLAs. Minimum evidence: [Policy/Standard; Configuration/Capture; Report/Review]. Owner: nan. Priority: Critical. Next review: 2026-05-08.","description_ar":"تطبيق واختبار ضوابط 'Business Continuity' وفق الإصدار الثاني من ضوابط الأمن السيبراني الأساسية (NCA ECC). تحديد النطاق والمالكين المسؤولين، والحفاظ على خطوط الأساس للإعدادات، والاحتفاظ بأدلة التشغيل (إعدادات/لقطات/تقارير). تتبع حالات عدم المطابقة وإغلاق إجراءات المعالجة ضمن اتفاقيات مستوى الخدمة. الحد الأدنى للأدلة: [Policy/Standard; Configuration/Capture; Report/Review]. المالك: nan. الأولوية: Critical. المراجعة القادمة: 2026-05-08.","organization_id":null,"assessment_id":null,"control_id":"NCA-ECC::Business_Continuity","finding_id":null,"remediation_plan_id":null,"priority":"medium","status":"pending","progress_percentage":0,"assigned_to":null,"assigned_to_email":null,"assigned_to_name":"Team - nan","assigned_team":null,"collaborators":null,"due_date":"2025-11-16T00:00:00.000Z","start_date":null,"completed_date":null,"estimated_hours":null,"actual_hours":null,"depends_on_tasks":null,"is_blocked":false,"blocker_reason":null,"notify_on_due":true,"notify_on_complete":true,"last_reminder_sent":null,"completion_notes":"{\"section\":\"NCA ECC: Business Continuity\",\"frameworks\":[\"NCA ECC v2.0\",\"SAMA CSF\"],\"domain\":\"Business Continuity\",\"labels\":[\"NCA ECC v2.0\",\"SAMA CSF\",\"Business Continuity\",\"Report/Review\"],\"evidence_types\":[\"Policy/Standard\",\"Configuration/Capture\",\"Report/Review\"],\"rice_score\":63,\"wsjf_score\":9,\"next_review\":\"2026-05-08\"}","completion_evidence":null,"created_by":null,"created_at":"2025-11-14T17:02:44.070Z","updated_at":"2025-11-14T17:02:44.070Z"},{"id":"16c63f59-0945-4c2c-9317-b2a0db313281","tenant_id":"default","task_type":"assessment","title":"[NCA ECC v2.0] NCA ECC: Risk Management","title_ar":"تطبيق واختبار ضوابط 'Risk Management' وفق الإصدار الثاني من ضوابط الأمن السيبراني الأساسية (NCA ECC). تحديد النطاق والمالكين المسؤولين، والحفاظ على خطوط الأساس للإعدادات، والاحتفاظ بأدلة التشغيل (إعدادات/لقطات/تقارير). تتبع حالات عدم المطابقة وإغلاق إجراءات المعالجة ضمن اتفاقيات مستوى الخدمة. الحد الأدنى للأدلة: [Policy/Standard; Configuration/Capture; Report/Review]. المالك: nan. الأولوية: Critical. المراجعة القادمة: 2026-05-08.","description":"Implement and periodically test controls under NCA ECC v2.0 – 'Risk Management'. Define scope and responsible owners, maintain configuration baselines, and retain proof of control operation (configs/screenshots/reports). Track nonconformities and close remediation actions within defined SLAs. Minimum evidence: [Policy/Standard; Configuration/Capture; Report/Review]. Owner: nan. Priority: Critical. Next review: 2026-05-08.","description_ar":"تطبيق واختبار ضوابط 'Risk Management' وفق الإصدار الثاني من ضوابط الأمن السيبراني الأساسية (NCA ECC). تحديد النطاق والمالكين المسؤولين، والحفاظ على خطوط الأساس للإعدادات، والاحتفاظ بأدلة التشغيل (إعدادات/لقطات/تقارير). تتبع حالات عدم المطابقة وإغلاق إجراءات المعالجة ضمن اتفاقيات مستوى الخدمة. الحد الأدنى للأدلة: [Policy/Standard; Configuration/Capture; Report/Review]. المالك: nan. الأولوية: Critical. المراجعة القادمة: 2026-05-08.","organization_id":null,"assessment_id":null,"control_id":"NCA-ECC::Risk_Management","finding_id":null,"remediation_plan_id":null,"priority":"medium","status":"pending","progress_percentage":0,"assigned_to":null,"assigned_to_email":null,"assigned_to_name":"Team - nan","assigned_team":null,"collaborators":null,"due_date":"2025-11-16T00:00:00.000Z","start_date":null,"completed_date":null,"estimated_hours":null,"actual_hours":null,"depends_on_tasks":null,"is_blocked":false,"blocker_reason":null,"notify_on_due":true,"notify_on_complete":true,"last_reminder_sent":null,"completion_notes":"{\"section\":\"NCA ECC: Risk Management\",\"frameworks\":[\"NCA ECC v2.0\"],\"domain\":\"Risk Management\",\"labels\":[\"NCA ECC v2.0\",\"Risk Management\",\"nan\"],\"evidence_types\":[\"Policy/Standard\",\"Configuration/Capture\",\"Report/Review\"],\"rice_score\":52.5,\"wsjf_score\":9,\"next_review\":\"2026-05-08\"}","completion_evidence":null,"created_by":null,"created_at":"2025-11-14T17:02:44.070Z","updated_at":"2025-11-14T17:02:44.070Z"},{"id":"8d97a949-4492-48cb-9787-2669a78f0711","tenant_id":"default","task_type":"assessment","title":"[NCA ECC v2.0] NCA ECC: Application Security","title_ar":"تطبيق واختبار ضوابط 'Application Security' وفق الإصدار الثاني من ضوابط الأمن السيبراني الأساسية (NCA ECC). تحديد النطاق والمالكين المسؤولين، والحفاظ على خطوط الأساس للإعدادات، والاحتفاظ بأدلة التشغيل (إعدادات/لقطات/تقارير). تتبع حالات عدم المطابقة وإغلاق إجراءات المعالجة ضمن اتفاقيات مستوى الخدمة. الحد الأدنى للأدلة: [Policy/Standard; Configuration/Capture; Report/Review]. المالك: nan. الأولوية: Critical. المراجعة القادمة: 2026-05-08.","description":"Implement and periodically test controls under NCA ECC v2.0 – 'Application Security'. Define scope and responsible owners, maintain configuration baselines, and retain proof of control operation (configs/screenshots/reports). Track nonconformities and close remediation actions within defined SLAs. Minimum evidence: [Policy/Standard; Configuration/Capture; Report/Review]. Owner: nan. Priority: Critical. Next review: 2026-05-08.","description_ar":"تطبيق واختبار ضوابط 'Application Security' وفق الإصدار الثاني من ضوابط الأمن السيبراني الأساسية (NCA ECC). تحديد النطاق والمالكين المسؤولين، والحفاظ على خطوط الأساس للإعدادات، والاحتفاظ بأدلة التشغيل (إعدادات/لقطات/تقارير). تتبع حالات عدم المطابقة وإغلاق إجراءات المعالجة ضمن اتفاقيات مستوى الخدمة. الحد الأدنى للأدلة: [Policy/Standard; Configuration/Capture; Report/Review]. المالك: nan. الأولوية: Critical. المراجعة القادمة: 2026-05-08.","organization_id":null,"assessment_id":null,"control_id":"NCA-ECC::Application_Security","finding_id":null,"remediation_plan_id":null,"priority":"medium","status":"pending","progress_percentage":0,"assigned_to":null,"assigned_to_email":null,"assigned_to_name":"Team - nan","assigned_team":null,"collaborators":null,"due_date":"2025-11-16T00:00:00.000Z","start_date":null,"completed_date":null,"estimated_hours":null,"actual_hours":null,"depends_on_tasks":null,"is_blocked":false,"blocker_reason":null,"notify_on_due":true,"notify_on_complete":true,"last_reminder_sent":null,"completion_notes":"{\"section\":\"NCA ECC: Application Security\",\"frameworks\":[\"NCA ECC v2.0\"],\"domain\":\"Third-Party Risk\",\"labels\":[\"NCA ECC v2.0\",\"Third-Party Risk\",\"nan\"],\"evidence_types\":[\"Policy/Standard\",\"Configuration/Capture\",\"Report/Review\"],\"rice_score\":52.5,\"wsjf_score\":9,\"next_review\":\"2026-05-08\"}","completion_evidence":null,"created_by":null,"created_at":"2025-11-14T17:02:44.071Z","updated_at":"2025-11-14T17:02:44.071Z"},{"id":"e4393e95-b785-4b93-96f8-4f9e2066c5e4","tenant_id":"default","task_type":"assessment","title":"[NCA ECC v2.0] NCA ECC: Access Control","title_ar":"تطبيق واختبار ضوابط 'Access Control' وفق الإصدار الثاني من ضوابط الأمن السيبراني الأساسية (NCA ECC). تحديد النطاق والمالكين المسؤولين، والحفاظ على خطوط الأساس للإعدادات، والاحتفاظ بأدلة التشغيل (إعدادات/لقطات/تقارير). تتبع حالات عدم المطابقة وإغلاق إجراءات المعالجة ضمن اتفاقيات مستوى الخدمة. الحد الأدنى للأدلة: [Policy/Standard; Configuration/Capture; Report/Review]. المالك: nan. الأولوية: Critical. المراجعة القادمة: 2026-05-08.","description":"Implement and periodically test controls under NCA ECC v2.0 – 'Access Control'. Define scope and responsible owners, maintain configuration baselines, and retain proof of control operation (configs/screenshots/reports). Track nonconformities and close remediation actions within defined SLAs. Minimum evidence: [Policy/Standard; Configuration/Capture; Report/Review]. Owner: nan. Priority: Critical. Next review: 2026-05-08.","description_ar":"تطبيق واختبار ضوابط 'Access Control' وفق الإصدار الثاني من ضوابط الأمن السيبراني الأساسية (NCA ECC). تحديد النطاق والمالكين المسؤولين، والحفاظ على خطوط الأساس للإعدادات، والاحتفاظ بأدلة التشغيل (إعدادات/لقطات/تقارير). تتبع حالات عدم المطابقة وإغلاق إجراءات المعالجة ضمن اتفاقيات مستوى الخدمة. الحد الأدنى للأدلة: [Policy/Standard; Configuration/Capture; Report/Review]. المالك: nan. الأولوية: Critical. المراجعة القادمة: 2026-05-08.","organization_id":null,"assessment_id":null,"control_id":"NCA-ECC::Access_Control","finding_id":null,"remediation_plan_id":null,"priority":"medium","status":"pending","progress_percentage":0,"assigned_to":null,"assigned_to_email":null,"assigned_to_name":"Team - nan","assigned_team":null,"collaborators":null,"due_date":"2025-11-16T00:00:00.000Z","start_date":null,"completed_date":null,"estimated_hours":null,"actual_hours":null,"depends_on_tasks":null,"is_blocked":false,"blocker_reason":null,"notify_on_due":true,"notify_on_complete":true,"last_reminder_sent":null,"completion_notes":"{\"section\":\"NCA ECC: Access Control\",\"frameworks\":[\"NCA ECC v2.0\",\"SAMA CSF\"],\"domain\":\"Compliance\",\"labels\":[\"NCA ECC v2.0\",\"SAMA CSF\",\"Compliance\",\"Record/Log\"],\"evidence_types\":[\"Policy/Standard\",\"Configuration/Capture\",... (set the log level to DEBUG or TRACE to see the full content) 
 </msg>
<msg time="2025-11-14T20:14:59.151148" level="INFO">${response} = &lt;Response [200]&gt;</msg>
<var>${response}</var>
<arg>${API_ENDPOINT}</arg>
<arg>params=${params}</arg>
<arg>expected_status=200</arg>
<doc>Sends a GET request.</doc>
<status status="PASS" start="2025-11-14T20:14:58.288948" elapsed="0.862200"/>
</kw>
<kw name="Set Variable" owner="BuiltIn">
<msg time="2025-11-14T20:14:59.153669" level="INFO">${json} = {'success': True, 'data': [{'id': 'eff087b8-02a0-4c91-9833-b724c7f84165', 'tenant_id': 'default', 'task_type': 'assessment', 'title': '[NCA ECC v2.0] NCA ECC: Business Continuity', 'title_ar': "تطبيق ...</msg>
<var>${json}</var>
<arg>${response.json()}</arg>
<doc>Returns the given values which can then be assigned to a variables.</doc>
<status status="PASS" start="2025-11-14T20:14:59.151148" elapsed="0.002521"/>
</kw>
<kw name="Should Be True" owner="BuiltIn">
<arg>${json['success']}</arg>
<doc>Fails if the given condition is not true.</doc>
<status status="PASS" start="2025-11-14T20:14:59.153669" elapsed="0.000000"/>
</kw>
<kw name="Set Variable" owner="BuiltIn">
<msg time="2025-11-14T20:14:59.155176" level="INFO">${tasks} = [{'id': 'eff087b8-02a0-4c91-9833-b724c7f84165', 'tenant_id': 'default', 'task_type': 'assessment', 'title': '[NCA ECC v2.0] NCA ECC: Business Continuity', 'title_ar': "تطبيق واختبار ضوابط 'Business Co...</msg>
<var>${tasks}</var>
<arg>${json['data']}</arg>
<doc>Returns the given values which can then be assigned to a variables.</doc>
<status status="PASS" start="2025-11-14T20:14:59.153669" elapsed="0.001507"/>
</kw>
<kw name="Get Length" owner="BuiltIn">
<msg time="2025-11-14T20:14:59.155711" level="INFO">Length is 20.</msg>
<msg time="2025-11-14T20:14:59.155711" level="INFO">${count} = 20</msg>
<var>${count}</var>
<arg>${tasks}</arg>
<doc>Returns and logs the length of the given item as an integer.</doc>
<status status="PASS" start="2025-11-14T20:14:59.155711" elapsed="0.000000"/>
</kw>
<kw name="Should Be True" owner="BuiltIn">
<arg>${count} &gt; 0</arg>
<doc>Fails if the given condition is not true.</doc>
<status status="PASS" start="2025-11-14T20:14:59.155711" elapsed="0.000000"/>
</kw>
<kw name="Log" owner="BuiltIn">
<msg time="2025-11-14T20:14:59.156219" level="INFO">Retrieved 20 tasks</msg>
<arg>Retrieved ${count} tasks</arg>
<doc>Logs the given message with the given level.</doc>
<status status="PASS" start="2025-11-14T20:14:59.156219" elapsed="0.000000"/>
</kw>
<kw name="Set Variable" owner="BuiltIn">
<msg time="2025-11-14T20:14:59.157296" level="INFO">${first_task_id} = eff087b8-02a0-4c91-9833-b724c7f84165</msg>
<var>${first_task_id}</var>
<arg>${tasks[0]['id']}</arg>
<doc>Returns the given values which can then be assigned to a variables.</doc>
<status status="PASS" start="2025-11-14T20:14:59.156738" elapsed="0.000558"/>
</kw>
<kw name="Set Suite Variable" owner="BuiltIn">
<msg time="2025-11-14T20:14:59.158458" level="INFO">${ASSIGNED_TASK_ID} = eff087b8-02a0-4c91-9833-b724c7f84165</msg>
<arg>${ASSIGNED_TASK_ID}</arg>
<arg>${first_task_id}</arg>
<doc>Makes a variable available everywhere within the scope of the current suite.</doc>
<status status="PASS" start="2025-11-14T20:14:59.157919" elapsed="0.000539"/>
</kw>
<kw name="Log" owner="BuiltIn">
<msg time="2025-11-14T20:14:59.158458" level="INFO">First task ID: eff087b8-02a0-4c91-9833-b724c7f84165</msg>
<arg>First task ID: ${ASSIGNED_TASK_ID}</arg>
<doc>Logs the given message with the given level.</doc>
<status status="PASS" start="2025-11-14T20:14:59.158458" elapsed="0.000000"/>
</kw>
<doc>Retrieve all tasks with pagination</doc>
<tag>crud</tag>
<tag>smoke</tag>
<status status="PASS" start="2025-11-14T20:14:58.278808" elapsed="0.879650"/>
</test>
<test id="s1-t3" name="TC003_Get_Task_Statistics" line="46">
<kw name="GET" owner="RequestsLibrary">
<msg time="2025-11-14T20:15:00.232403" level="INFO">GET Request : url=http://localhost:3005/api/tasks/stats 
 path_url=/api/tasks/stats 
 headers={'User-Agent': 'python-requests/2.31.0', 'Accept-Encoding': 'gzip, deflate, br, zstd', 'Accept': '*/*', 'Connection': 'keep-alive'} 
 body=None 
 </msg>
<msg time="2025-11-14T20:15:00.232403" level="INFO">GET Response : url=http://localhost:3005/api/tasks/stats 
 status=200, reason=OK 
 headers={'X-Request-ID': 'req_1763140499162_4ee6e37941dc709a', 'Content-Security-Policy': "default-src 'self';script-src 'self' 'unsafe-inline';style-src 'self' 'unsafe-inline';img-src 'self' data: https:;connect-src 'self';font-src 'self';object-src 'none';media-src 'self';frame-src 'none';base-uri 'self';form-action 'self';frame-ancestors 'self';script-src-attr 'none';upgrade-insecure-requests", 'Cross-Origin-Opener-Policy': 'same-origin', 'Cross-Origin-Resource-Policy': 'cross-origin', 'Origin-Agent-Cluster': '?1', 'Referrer-Policy': 'no-referrer', 'Strict-Transport-Security': 'max-age=31536000; includeSubDomains; preload', 'X-Content-Type-Options': 'nosniff', 'X-DNS-Prefetch-Control': 'off', 'X-Download-Options': 'noopen', 'X-Frame-Options': 'DENY', 'X-Permitted-Cross-Domain-Policies': 'none', 'X-XSS-Protection': '0', 'Vary': 'Origin', 'Access-Control-Allow-Credentials': 'true', 'RateLimit-Policy': '100;w=900', 'RateLimit-Limit': '100', 'RateLimit-Remaining': '30', 'RateLimit-Reset': '574', 'X-Response-Time': '1069ms', 'Content-Type': 'application/json; charset=utf-8', 'Content-Length': '284', 'ETag': 'W/"11c-Wu2L7+Y5omgekawGgihyCvUo2U4"', 'Date': 'Fri, 14 Nov 2025 17:15:00 GMT', 'Connection': 'keep-alive', 'Keep-Alive': 'timeout=5'} 
 body={"success":true,"data":{"total":2304,"byStatus":{"pending":2301,"in_progress":2,"completed":1,"cancelled":0,"blocked":0},"byPriority":{"medium":2290,"critical":1,"high":12,"low":1},"byFramework":{"NCA ECC v2.0":1674,"SAMA CSF":788,"nan":502,"PDPL (KSA)":812},"completionRate":"0.04"}} 
 </msg>
<msg time="2025-11-14T20:15:00.232403" level="INFO">${response} = &lt;Response [200]&gt;</msg>
<var>${response}</var>
<arg>${API_ENDPOINT}/stats</arg>
<arg>expected_status=200</arg>
<doc>Sends a GET request.</doc>
<status status="PASS" start="2025-11-14T20:14:59.159529" elapsed="1.072874"/>
</kw>
<kw name="Set Variable" owner="BuiltIn">
<msg time="2025-11-14T20:15:00.234404" level="INFO">${json} = {'success': True, 'data': {'total': 2304, 'byStatus': {'pending': 2301, 'in_progress': 2, 'completed': 1, 'cancelled': 0, 'blocked': 0}, 'byPriority': {'medium': 2290, 'critical': 1, 'high': 12, 'low'...</msg>
<var>${json}</var>
<arg>${response.json()}</arg>
<doc>Returns the given values which can then be assigned to a variables.</doc>
<status status="PASS" start="2025-11-14T20:15:00.233403" elapsed="0.001001"/>
</kw>
<kw name="Set Variable" owner="BuiltIn">
<msg time="2025-11-14T20:15:00.235006" level="INFO">${data} = {'total': 2304, 'byStatus': {'pending': 2301, 'in_progress': 2, 'completed': 1, 'cancelled': 0, 'blocked': 0}, 'byPriority': {'medium': 2290, 'critical': 1, 'high': 12, 'low': 1}, 'byFramework': {'NCA...</msg>
<var>${data}</var>
<arg>${json['data']}</arg>
<doc>Returns the given values which can then be assigned to a variables.</doc>
<status status="PASS" start="2025-11-14T20:15:00.234404" elapsed="0.000602"/>
</kw>
<kw name="Dictionary Should Contain Key" owner="Collections">
<arg>${data}</arg>
<arg>total</arg>
<doc>Fails if ``key`` is not found from ``dictionary``.</doc>
<status status="PASS" start="2025-11-14T20:15:00.236011" elapsed="0.000000"/>
</kw>
<kw name="Dictionary Should Contain Key" owner="Collections">
<arg>${data}</arg>
<arg>byStatus</arg>
<doc>Fails if ``key`` is not found from ``dictionary``.</doc>
<status status="PASS" start="2025-11-14T20:15:00.236011" elapsed="0.000619"/>
</kw>
<kw name="Dictionary Should Contain Key" owner="Collections">
<arg>${data}</arg>
<arg>byPriority</arg>
<doc>Fails if ``key`` is not found from ``dictionary``.</doc>
<status status="PASS" start="2025-11-14T20:15:00.236630" elapsed="0.000000"/>
</kw>
<kw name="Dictionary Should Contain Key" owner="Collections">
<arg>${data}</arg>
<arg>completionRate</arg>
<doc>Fails if ``key`` is not found from ``dictionary``.</doc>
<status status="PASS" start="2025-11-14T20:15:00.237158" elapsed="0.000000"/>
</kw>
<kw name="Log" owner="BuiltIn">
<msg time="2025-11-14T20:15:00.237673" level="INFO">Total tasks: 2304</msg>
<arg>Total tasks: ${data['total']}</arg>
<doc>Logs the given message with the given level.</doc>
<status status="PASS" start="2025-11-14T20:15:00.237158" elapsed="0.000515"/>
</kw>
<kw name="Log" owner="BuiltIn">
<msg time="2025-11-14T20:15:00.238248" level="INFO">Completion rate: 0.04%</msg>
<arg>Completion rate: ${data['completionRate']}%</arg>
<doc>Logs the given message with the given level.</doc>
<status status="PASS" start="2025-11-14T20:15:00.238248" elapsed="0.000000"/>
</kw>
<doc>Retrieve task analytics and statistics</doc>
<tag>analytics</tag>
<status status="PASS" start="2025-11-14T20:14:59.159529" elapsed="1.079726"/>
</test>
<test id="s1-t4" name="TC004_Filter_By_Framework_NCA_ECC" line="62">
<kw name="Create Dictionary" owner="BuiltIn">
<msg time="2025-11-14T20:15:00.240765" level="INFO">${params} = {'framework': 'NCA ECC', 'limit': '10'}</msg>
<var>${params}</var>
<arg>framework=NCA ECC</arg>
<arg>limit=10</arg>
<doc>Creates and returns a dictionary based on the given ``items``.</doc>
<status status="PASS" start="2025-11-14T20:15:00.240765" elapsed="0.000000"/>
</kw>
<kw name="GET" owner="RequestsLibrary">
<msg time="2025-11-14T20:15:00.534292" level="INFO">GET Request : url=http://localhost:3005/api/tasks?framework=NCA+ECC&amp;limit=10 
 path_url=/api/tasks?framework=NCA+ECC&amp;limit=10 
 headers={'User-Agent': 'python-requests/2.31.0', 'Accept-Encoding': 'gzip, deflate, br, zstd', 'Accept': '*/*', 'Connection': 'keep-alive'} 
 body=None 
 </msg>
<msg time="2025-11-14T20:15:00.534292" level="INFO">GET Response : url=http://localhost:3005/api/tasks?framework=NCA+ECC&amp;limit=10 
 status=200, reason=OK 
 headers={'X-Request-ID': 'req_1763140500243_3230b472700888bb', 'Content-Security-Policy': "default-src 'self';script-src 'self' 'unsafe-inline';style-src 'self' 'unsafe-inline';img-src 'self' data: https:;connect-src 'self';font-src 'self';object-src 'none';media-src 'self';frame-src 'none';base-uri 'self';form-action 'self';frame-ancestors 'self';script-src-attr 'none';upgrade-insecure-requests", 'Cross-Origin-Opener-Policy': 'same-origin', 'Cross-Origin-Resource-Policy': 'cross-origin', 'Origin-Agent-Cluster': '?1', 'Referrer-Policy': 'no-referrer', 'Strict-Transport-Security': 'max-age=31536000; includeSubDomains; preload', 'X-Content-Type-Options': 'nosniff', 'X-DNS-Prefetch-Control': 'off', 'X-Download-Options': 'noopen', 'X-Frame-Options': 'DENY', 'X-Permitted-Cross-Domain-Policies': 'none', 'X-XSS-Protection': '0', 'Vary': 'Origin', 'Access-Control-Allow-Credentials': 'true', 'RateLimit-Policy': '100;w=900', 'RateLimit-Limit': '100', 'RateLimit-Remaining': '29', 'RateLimit-Reset': '572', 'X-Response-Time': '289ms', 'Content-Type': 'application/json; charset=utf-8', 'Content-Length': '24938', 'ETag': 'W/"616a-hf1ww7yISmlp2Hzdl2ZyoET9PwM"', 'Date': 'Fri, 14 Nov 2025 17:15:00 GMT', 'Connection': 'keep-alive', 'Keep-Alive': 'timeout=5'} 
 body={"success":true,"data":[{"id":"eff087b8-02a0-4c91-9833-b724c7f84165","tenant_id":"default","task_type":"assessment","title":"[NCA ECC v2.0] NCA ECC: Business Continuity","title_ar":"تطبيق واختبار ضوابط 'Business Continuity' وفق الإصدار الثاني من ضوابط الأمن السيبراني الأساسية (NCA ECC). تحديد النطاق والمالكين المسؤولين، والحفاظ على خطوط الأساس للإعدادات، والاحتفاظ بأدلة التشغيل (إعدادات/لقطات/تقارير). تتبع حالات عدم المطابقة وإغلاق إجراءات المعالجة ضمن اتفاقيات مستوى الخدمة. الحد الأدنى للأدلة: [Policy/Standard; Configuration/Capture; Report/Review]. المالك: nan. الأولوية: Critical. المراجعة القادمة: 2026-05-08.","description":"Implement and periodically test controls under NCA ECC v2.0 – 'Business Continuity'. Define scope and responsible owners, maintain configuration baselines, and retain proof of control operation (configs/screenshots/reports). Track nonconformities and close remediation actions within defined SLAs. Minimum evidence: [Policy/Standard; Configuration/Capture; Report/Review]. Owner: nan. Priority: Critical. Next review: 2026-05-08.","description_ar":"تطبيق واختبار ضوابط 'Business Continuity' وفق الإصدار الثاني من ضوابط الأمن السيبراني الأساسية (NCA ECC). تحديد النطاق والمالكين المسؤولين، والحفاظ على خطوط الأساس للإعدادات، والاحتفاظ بأدلة التشغيل (إعدادات/لقطات/تقارير). تتبع حالات عدم المطابقة وإغلاق إجراءات المعالجة ضمن اتفاقيات مستوى الخدمة. الحد الأدنى للأدلة: [Policy/Standard; Configuration/Capture; Report/Review]. المالك: nan. الأولوية: Critical. المراجعة القادمة: 2026-05-08.","organization_id":null,"assessment_id":null,"control_id":"NCA-ECC::Business_Continuity","finding_id":null,"remediation_plan_id":null,"priority":"medium","status":"pending","progress_percentage":0,"assigned_to":null,"assigned_to_email":null,"assigned_to_name":"Team - nan","assigned_team":null,"collaborators":null,"due_date":"2025-11-16T00:00:00.000Z","start_date":null,"completed_date":null,"estimated_hours":null,"actual_hours":null,"depends_on_tasks":null,"is_blocked":false,"blocker_reason":null,"notify_on_due":true,"notify_on_complete":true,"last_reminder_sent":null,"completion_notes":"{\"section\":\"NCA ECC: Business Continuity\",\"frameworks\":[\"NCA ECC v2.0\",\"SAMA CSF\"],\"domain\":\"Business Continuity\",\"labels\":[\"NCA ECC v2.0\",\"SAMA CSF\",\"Business Continuity\",\"Report/Review\"],\"evidence_types\":[\"Policy/Standard\",\"Configuration/Capture\",\"Report/Review\"],\"rice_score\":63,\"wsjf_score\":9,\"next_review\":\"2026-05-08\"}","completion_evidence":null,"created_by":null,"created_at":"2025-11-14T17:02:44.070Z","updated_at":"2025-11-14T17:02:44.070Z"},{"id":"16c63f59-0945-4c2c-9317-b2a0db313281","tenant_id":"default","task_type":"assessment","title":"[NCA ECC v2.0] NCA ECC: Risk Management","title_ar":"تطبيق واختبار ضوابط 'Risk Management' وفق الإصدار الثاني من ضوابط الأمن السيبراني الأساسية (NCA ECC). تحديد النطاق والمالكين المسؤولين، والحفاظ على خطوط الأساس للإعدادات، والاحتفاظ بأدلة التشغيل (إعدادات/لقطات/تقارير). تتبع حالات عدم المطابقة وإغلاق إجراءات المعالجة ضمن اتفاقيات مستوى الخدمة. الحد الأدنى للأدلة: [Policy/Standard; Configuration/Capture; Report/Review]. المالك: nan. الأولوية: Critical. المراجعة القادمة: 2026-05-08.","description":"Implement and periodically test controls under NCA ECC v2.0 – 'Risk Management'. Define scope and responsible owners, maintain configuration baselines, and retain proof of control operation (configs/screenshots/reports). Track nonconformities and close remediation actions within defined SLAs. Minimum evidence: [Policy/Standard; Configuration/Capture; Report/Review]. Owner: nan. Priority: Critical. Next review: 2026-05-08.","description_ar":"تطبيق واختبار ضوابط 'Risk Management' وفق الإصدار الثاني من ضوابط الأمن السيبراني الأساسية (NCA ECC). تحديد النطاق والمالكين المسؤولين، والحفاظ على خطوط الأساس للإعدادات، والاحتفاظ بأدلة التشغيل (إعدادات/لقطات/تقارير). تتبع حالات عدم المطابقة وإغلاق إجراءات المعالجة ضمن اتفاقيات مستوى الخدمة. الحد الأدنى للأدلة: [Policy/Standard; Configuration/Capture; Report/Review]. المالك: nan. الأولوية: Critical. المراجعة القادمة: 2026-05-08.","organization_id":null,"assessment_id":null,"control_id":"NCA-ECC::Risk_Management","finding_id":null,"remediation_plan_id":null,"priority":"medium","status":"pending","progress_percentage":0,"assigned_to":null,"assigned_to_email":null,"assigned_to_name":"Team - nan","assigned_team":null,"collaborators":null,"due_date":"2025-11-16T00:00:00.000Z","start_date":null,"completed_date":null,"estimated_hours":null,"actual_hours":null,"depends_on_tasks":null,"is_blocked":false,"blocker_reason":null,"notify_on_due":true,"notify_on_complete":true,"last_reminder_sent":null,"completion_notes":"{\"section\":\"NCA ECC: Risk Management\",\"frameworks\":[\"NCA ECC v2.0\"],\"domain\":\"Risk Management\",\"labels\":[\"NCA ECC v2.0\",\"Risk Management\",\"nan\"],\"evidence_types\":[\"Policy/Standard\",\"Configuration/Capture\",\"Report/Review\"],\"rice_score\":52.5,\"wsjf_score\":9,\"next_review\":\"2026-05-08\"}","completion_evidence":null,"created_by":null,"created_at":"2025-11-14T17:02:44.070Z","updated_at":"2025-11-14T17:02:44.070Z"},{"id":"8d97a949-4492-48cb-9787-2669a78f0711","tenant_id":"default","task_type":"assessment","title":"[NCA ECC v2.0] NCA ECC: Application Security","title_ar":"تطبيق واختبار ضوابط 'Application Security' وفق الإصدار الثاني من ضوابط الأمن السيبراني الأساسية (NCA ECC). تحديد النطاق والمالكين المسؤولين، والحفاظ على خطوط الأساس للإعدادات، والاحتفاظ بأدلة التشغيل (إعدادات/لقطات/تقارير). تتبع حالات عدم المطابقة وإغلاق إجراءات المعالجة ضمن اتفاقيات مستوى الخدمة. الحد الأدنى للأدلة: [Policy/Standard; Configuration/Capture; Report/Review]. المالك: nan. الأولوية: Critical. المراجعة القادمة: 2026-05-08.","description":"Implement and periodically test controls under NCA ECC v2.0 – 'Application Security'. Define scope and responsible owners, maintain configuration baselines, and retain proof of control operation (configs/screenshots/reports). Track nonconformities and close remediation actions within defined SLAs. Minimum evidence: [Policy/Standard; Configuration/Capture; Report/Review]. Owner: nan. Priority: Critical. Next review: 2026-05-08.","description_ar":"تطبيق واختبار ضوابط 'Application Security' وفق الإصدار الثاني من ضوابط الأمن السيبراني الأساسية (NCA ECC). تحديد النطاق والمالكين المسؤولين، والحفاظ على خطوط الأساس للإعدادات، والاحتفاظ بأدلة التشغيل (إعدادات/لقطات/تقارير). تتبع حالات عدم المطابقة وإغلاق إجراءات المعالجة ضمن اتفاقيات مستوى الخدمة. الحد الأدنى للأدلة: [Policy/Standard; Configuration/Capture; Report/Review]. المالك: nan. الأولوية: Critical. المراجعة القادمة: 2026-05-08.","organization_id":null,"assessment_id":null,"control_id":"NCA-ECC::Application_Security","finding_id":null,"remediation_plan_id":null,"priority":"medium","status":"pending","progress_percentage":0,"assigned_to":null,"assigned_to_email":null,"assigned_to_name":"Team - nan","assigned_team":null,"collaborators":null,"due_date":"2025-11-16T00:00:00.000Z","start_date":null,"completed_date":null,"estimated_hours":null,"actual_hours":null,"depends_on_tasks":null,"is_blocked":false,"blocker_reason":null,"notify_on_due":true,"notify_on_complete":true,"last_reminder_sent":null,"completion_notes":"{\"section\":\"NCA ECC: Application Security\",\"frameworks\":[\"NCA ECC v2.0\"],\"domain\":\"Third-Party Risk\",\"labels\":[\"NCA ECC v2.0\",\"Third-Party Risk\",\"nan\"],\"evidence_types\":[\"Policy/Standard\",\"Configuration/Capture\",\"Report/Review\"],\"rice_score\":52.5,\"wsjf_score\":9,\"next_review\":\"2026-05-08\"}","completion_evidence":null,"created_by":null,"created_at":"2025-11-14T17:02:44.071Z","updated_at":"2025-11-14T17:02:44.071Z"},{"id":"e4393e95-b785-4b93-96f8-4f9e2066c5e4","tenant_id":"default","task_type":"assessment","title":"[NCA ECC v2.0] NCA ECC: Access Control","title_ar":"تطبيق واختبار ضوابط 'Access Control' وفق الإصدار الثاني من ضوابط الأمن السيبراني الأساسية (NCA ECC). تحديد النطاق والمالكين المسؤولين، والحفاظ على خطوط الأساس للإعدادات، والاحتفاظ بأدلة التشغيل (إعدادات/لقطات/تقارير). تتبع حالات عدم المطابقة وإغلاق إجراءات المعالجة ضمن اتفاقيات مستوى الخدمة. الحد الأدنى للأدلة: [Policy/Standard; Configuration/Capture; Report/Review]. المالك: nan. الأولوية: Critical. المراجعة القادمة: 2026-05-08.","description":"Implement and periodically test controls under NCA ECC v2.0 – 'Access Control'. Define scope and responsible owners, maintain configuration baselines, and retain proof of control operation (configs/screenshots/reports). Track nonconformities and close remediation actions within defined SLAs. Minimum evidence: [Policy/Standard; Configuration/Capture; Report/Review]. Owner: nan. Priority: Critical. Next review: 2026-05-08.","description_ar":"تطبيق واختبار ضوابط 'Access Control' وفق الإصدار الثاني من ضوابط الأمن السيبراني الأساسية (NCA ECC). تحديد النطاق والمالكين المسؤولين، والحفاظ على خطوط الأساس للإعدادات، والاحتفاظ بأدلة التشغيل (إعدادات/لقطات/تقارير). تتبع حالات عدم المطابقة وإغلاق إجراءات المعالجة ضمن اتفاقيات مستوى الخدمة. الحد الأدنى للأدلة: [Policy/Standard; Configuration/Capture; Report/Review]. المالك: nan. الأولوية: Critical. المراجعة القادمة: 2026-05-08.","organization_id":null,"assessment_id":null,"control_id":"NCA-ECC::Access_Control","finding_id":null,"remediation_plan_id":null,"priority":"medium","status":"pending","progress_percentage":0,"assigned_to":null,"assigned_to_email":null,"assigned_to_name":"Team - nan","assigned_team":null,"collaborators":null,"due_date":"2025-11-16T00:00:00.000Z","start_date":null,"completed_date":null,"estimated_hours":null,"actual_hours":null,"depends_on_tasks":null,"is_blocked":false,"blocker_reason":null,"notify_on_due":true,"notify_on_complete":true,"last_reminder_sent":null,"completion_notes":"{\"section\":\"NCA ECC: Access Control\",\"frameworks\":[\"NCA ECC v2.0\",\"SAMA CSF\"],\"domain\":\"Compliance\",\"labels\":[\"NCA ECC v2.0\",\"SAMA CSF\",\"Compliance\",\"Record/Log\"],\"evidence_types\":[\"Policy/Standard\",\"Configuration/Capture\",... (set the log level to DEBUG or TRACE to see the full content) 
 </msg>
<msg time="2025-11-14T20:15:00.534292" level="INFO">${response} = &lt;Response [200]&gt;</msg>
<var>${response}</var>
<arg>${API_ENDPOINT}</arg>
<arg>params=${params}</arg>
<arg>expected_status=200</arg>
<doc>Sends a GET request.</doc>
<status status="PASS" start="2025-11-14T20:15:00.240765" elapsed="0.294834"/>
</kw>
<kw name="Set Variable" owner="BuiltIn">
<msg time="2025-11-14T20:15:00.537103" level="INFO">${json} = {'success': True, 'data': [{'id': 'eff087b8-02a0-4c91-9833-b724c7f84165', 'tenant_id': 'default', 'task_type': 'assessment', 'title': '[NCA ECC v2.0] NCA ECC: Business Continuity', 'title_ar': "تطبيق ...</msg>
<var>${json}</var>
<arg>${response.json()}</arg>
<doc>Returns the given values which can then be assigned to a variables.</doc>
<status status="PASS" start="2025-11-14T20:15:00.535599" elapsed="0.001504"/>
</kw>
<kw name="Set Variable" owner="BuiltIn">
<msg time="2025-11-14T20:15:00.538110" level="INFO">${tasks} = [{'id': 'eff087b8-02a0-4c91-9833-b724c7f84165', 'tenant_id': 'default', 'task_type': 'assessment', 'title': '[NCA ECC v2.0] NCA ECC: Business Continuity', 'title_ar': "تطبيق واختبار ضوابط 'Business Co...</msg>
<var>${tasks}</var>
<arg>${json['data']}</arg>
<doc>Returns the given values which can then be assigned to a variables.</doc>
<status status="PASS" start="2025-11-14T20:15:00.537103" elapsed="0.001007"/>
</kw>
<kw name="Get Length" owner="BuiltIn">
<msg time="2025-11-14T20:15:00.538110" level="INFO">Length is 8.</msg>
<msg time="2025-11-14T20:15:00.538110" level="INFO">${count} = 8</msg>
<var>${count}</var>
<arg>${tasks}</arg>
<doc>Returns and logs the length of the given item as an integer.</doc>
<status status="PASS" start="2025-11-14T20:15:00.538110" elapsed="0.000000"/>
</kw>
<kw name="Log" owner="BuiltIn">
<msg time="2025-11-14T20:15:00.538110" level="INFO">Found 8 NCA ECC tasks</msg>
<arg>Found ${count} NCA ECC tasks</arg>
<doc>Logs the given message with the given level.</doc>
<status status="PASS" start="2025-11-14T20:15:00.538110" elapsed="0.000000"/>
</kw>
<doc>Filter tasks by NCA ECC framework</doc>
<tag>filter</tag>
<status status="PASS" start="2025-11-14T20:15:00.239758" elapsed="0.299349"/>
</test>
<test id="s1-t5" name="TC005_Filter_By_Framework_SAMA_CSF" line="73">
<kw name="Create Dictionary" owner="BuiltIn">
<msg time="2025-11-14T20:15:00.540664" level="INFO">${params} = {'framework': 'SAMA CSF', 'limit': '10'}</msg>
<var>${params}</var>
<arg>framework=SAMA CSF</arg>
<arg>limit=10</arg>
<doc>Creates and returns a dictionary based on the given ``items``.</doc>
<status status="PASS" start="2025-11-14T20:15:00.540664" elapsed="0.000000"/>
</kw>
<kw name="GET" owner="RequestsLibrary">
<msg time="2025-11-14T20:15:00.841751" level="INFO">GET Request : url=http://localhost:3005/api/tasks?framework=SAMA+CSF&amp;limit=10 
 path_url=/api/tasks?framework=SAMA+CSF&amp;limit=10 
 headers={'User-Agent': 'python-requests/2.31.0', 'Accept-Encoding': 'gzip, deflate, br, zstd', 'Accept': '*/*', 'Connection': 'keep-alive'} 
 body=None 
 </msg>
<msg time="2025-11-14T20:15:00.841751" level="INFO">GET Response : url=http://localhost:3005/api/tasks?framework=SAMA+CSF&amp;limit=10 
 status=200, reason=OK 
 headers={'X-Request-ID': 'req_1763140500543_0fcb9e0bd78bca2f', 'Content-Security-Policy': "default-src 'self';script-src 'self' 'unsafe-inline';style-src 'self' 'unsafe-inline';img-src 'self' data: https:;connect-src 'self';font-src 'self';object-src 'none';media-src 'self';frame-src 'none';base-uri 'self';form-action 'self';frame-ancestors 'self';script-src-attr 'none';upgrade-insecure-requests", 'Cross-Origin-Opener-Policy': 'same-origin', 'Cross-Origin-Resource-Policy': 'cross-origin', 'Origin-Agent-Cluster': '?1', 'Referrer-Policy': 'no-referrer', 'Strict-Transport-Security': 'max-age=31536000; includeSubDomains; preload', 'X-Content-Type-Options': 'nosniff', 'X-DNS-Prefetch-Control': 'off', 'X-Download-Options': 'noopen', 'X-Frame-Options': 'DENY', 'X-Permitted-Cross-Domain-Policies': 'none', 'X-XSS-Protection': '0', 'Vary': 'Origin', 'Access-Control-Allow-Credentials': 'true', 'RateLimit-Policy': '100;w=900', 'RateLimit-Limit': '100', 'RateLimit-Remaining': '28', 'RateLimit-Reset': '572', 'X-Response-Time': '297ms', 'Content-Type': 'application/json; charset=utf-8', 'Content-Length': '12521', 'ETag': 'W/"30e9-TNrd3dyl6Za7YnJpTefP6KiIcV4"', 'Date': 'Fri, 14 Nov 2025 17:15:00 GMT', 'Connection': 'keep-alive', 'Keep-Alive': 'timeout=5'} 
 body={"success":true,"data":[{"id":"eff087b8-02a0-4c91-9833-b724c7f84165","tenant_id":"default","task_type":"assessment","title":"[NCA ECC v2.0] NCA ECC: Business Continuity","title_ar":"تطبيق واختبار ضوابط 'Business Continuity' وفق الإصدار الثاني من ضوابط الأمن السيبراني الأساسية (NCA ECC). تحديد النطاق والمالكين المسؤولين، والحفاظ على خطوط الأساس للإعدادات، والاحتفاظ بأدلة التشغيل (إعدادات/لقطات/تقارير). تتبع حالات عدم المطابقة وإغلاق إجراءات المعالجة ضمن اتفاقيات مستوى الخدمة. الحد الأدنى للأدلة: [Policy/Standard; Configuration/Capture; Report/Review]. المالك: nan. الأولوية: Critical. المراجعة القادمة: 2026-05-08.","description":"Implement and periodically test controls under NCA ECC v2.0 – 'Business Continuity'. Define scope and responsible owners, maintain configuration baselines, and retain proof of control operation (configs/screenshots/reports). Track nonconformities and close remediation actions within defined SLAs. Minimum evidence: [Policy/Standard; Configuration/Capture; Report/Review]. Owner: nan. Priority: Critical. Next review: 2026-05-08.","description_ar":"تطبيق واختبار ضوابط 'Business Continuity' وفق الإصدار الثاني من ضوابط الأمن السيبراني الأساسية (NCA ECC). تحديد النطاق والمالكين المسؤولين، والحفاظ على خطوط الأساس للإعدادات، والاحتفاظ بأدلة التشغيل (إعدادات/لقطات/تقارير). تتبع حالات عدم المطابقة وإغلاق إجراءات المعالجة ضمن اتفاقيات مستوى الخدمة. الحد الأدنى للأدلة: [Policy/Standard; Configuration/Capture; Report/Review]. المالك: nan. الأولوية: Critical. المراجعة القادمة: 2026-05-08.","organization_id":null,"assessment_id":null,"control_id":"NCA-ECC::Business_Continuity","finding_id":null,"remediation_plan_id":null,"priority":"medium","status":"pending","progress_percentage":0,"assigned_to":null,"assigned_to_email":null,"assigned_to_name":"Team - nan","assigned_team":null,"collaborators":null,"due_date":"2025-11-16T00:00:00.000Z","start_date":null,"completed_date":null,"estimated_hours":null,"actual_hours":null,"depends_on_tasks":null,"is_blocked":false,"blocker_reason":null,"notify_on_due":true,"notify_on_complete":true,"last_reminder_sent":null,"completion_notes":"{\"section\":\"NCA ECC: Business Continuity\",\"frameworks\":[\"NCA ECC v2.0\",\"SAMA CSF\"],\"domain\":\"Business Continuity\",\"labels\":[\"NCA ECC v2.0\",\"SAMA CSF\",\"Business Continuity\",\"Report/Review\"],\"evidence_types\":[\"Policy/Standard\",\"Configuration/Capture\",\"Report/Review\"],\"rice_score\":63,\"wsjf_score\":9,\"next_review\":\"2026-05-08\"}","completion_evidence":null,"created_by":null,"created_at":"2025-11-14T17:02:44.070Z","updated_at":"2025-11-14T17:02:44.070Z"},{"id":"e4393e95-b785-4b93-96f8-4f9e2066c5e4","tenant_id":"default","task_type":"assessment","title":"[NCA ECC v2.0] NCA ECC: Access Control","title_ar":"تطبيق واختبار ضوابط 'Access Control' وفق الإصدار الثاني من ضوابط الأمن السيبراني الأساسية (NCA ECC). تحديد النطاق والمالكين المسؤولين، والحفاظ على خطوط الأساس للإعدادات، والاحتفاظ بأدلة التشغيل (إعدادات/لقطات/تقارير). تتبع حالات عدم المطابقة وإغلاق إجراءات المعالجة ضمن اتفاقيات مستوى الخدمة. الحد الأدنى للأدلة: [Policy/Standard; Configuration/Capture; Report/Review]. المالك: nan. الأولوية: Critical. المراجعة القادمة: 2026-05-08.","description":"Implement and periodically test controls under NCA ECC v2.0 – 'Access Control'. Define scope and responsible owners, maintain configuration baselines, and retain proof of control operation (configs/screenshots/reports). Track nonconformities and close remediation actions within defined SLAs. Minimum evidence: [Policy/Standard; Configuration/Capture; Report/Review]. Owner: nan. Priority: Critical. Next review: 2026-05-08.","description_ar":"تطبيق واختبار ضوابط 'Access Control' وفق الإصدار الثاني من ضوابط الأمن السيبراني الأساسية (NCA ECC). تحديد النطاق والمالكين المسؤولين، والحفاظ على خطوط الأساس للإعدادات، والاحتفاظ بأدلة التشغيل (إعدادات/لقطات/تقارير). تتبع حالات عدم المطابقة وإغلاق إجراءات المعالجة ضمن اتفاقيات مستوى الخدمة. الحد الأدنى للأدلة: [Policy/Standard; Configuration/Capture; Report/Review]. المالك: nan. الأولوية: Critical. المراجعة القادمة: 2026-05-08.","organization_id":null,"assessment_id":null,"control_id":"NCA-ECC::Access_Control","finding_id":null,"remediation_plan_id":null,"priority":"medium","status":"pending","progress_percentage":0,"assigned_to":null,"assigned_to_email":null,"assigned_to_name":"Team - nan","assigned_team":null,"collaborators":null,"due_date":"2025-11-16T00:00:00.000Z","start_date":null,"completed_date":null,"estimated_hours":null,"actual_hours":null,"depends_on_tasks":null,"is_blocked":false,"blocker_reason":null,"notify_on_due":true,"notify_on_complete":true,"last_reminder_sent":null,"completion_notes":"{\"section\":\"NCA ECC: Access Control\",\"frameworks\":[\"NCA ECC v2.0\",\"SAMA CSF\"],\"domain\":\"Compliance\",\"labels\":[\"NCA ECC v2.0\",\"SAMA CSF\",\"Compliance\",\"Record/Log\"],\"evidence_types\":[\"Policy/Standard\",\"Configuration/Capture\",\"Report/Review\"],\"rice_score\":113.4,\"wsjf_score\":10,\"next_review\":\"2026-05-08\"}","completion_evidence":null,"created_by":null,"created_at":"2025-11-14T17:02:44.073Z","updated_at":"2025-11-14T17:02:44.073Z"},{"id":"2282e4f1-a0b2-45d7-8ddd-997e7636c3bf","tenant_id":"default","task_type":"assessment","title":"[NCA ECC v2.0] NCA ECC: Access Control","title_ar":"تطبيق واختبار ضوابط 'Access Control' وفق الإصدار الثاني من ضوابط الأمن السيبراني الأساسية (NCA ECC). تحديد النطاق والمالكين المسؤولين، والحفاظ على خطوط الأساس للإعدادات، والاحتفاظ بأدلة التشغيل (إعدادات/لقطات/تقارير). تتبع حالات عدم المطابقة وإغلاق إجراءات المعالجة ضمن اتفاقيات مستوى الخدمة. الحد الأدنى للأدلة: [Policy/Standard; Configuration/Capture; Report/Review]. المالك: nan. الأولوية: Critical. المراجعة القادمة: 2026-05-08.","description":"Implement and periodically test controls under NCA ECC v2.0 – 'Access Control'. Define scope and responsible owners, maintain configuration baselines, and retain proof of control operation (configs/screenshots/reports). Track nonconformities and close remediation actions within defined SLAs. Minimum evidence: [Policy/Standard; Configuration/Capture; Report/Review]. Owner: nan. Priority: Critical. Next review: 2026-05-08.","description_ar":"تطبيق واختبار ضوابط 'Access Control' وفق الإصدار الثاني من ضوابط الأمن السيبراني الأساسية (NCA ECC). تحديد النطاق والمالكين المسؤولين، والحفاظ على خطوط الأساس للإعدادات، والاحتفاظ بأدلة التشغيل (إعدادات/لقطات/تقارير). تتبع حالات عدم المطابقة وإغلاق إجراءات المعالجة ضمن اتفاقيات مستوى الخدمة. الحد الأدنى للأدلة: [Policy/Standard; Configuration/Capture; Report/Review]. المالك: nan. الأولوية: Critical. المراجعة القادمة: 2026-05-08.","organization_id":null,"assessment_id":null,"control_id":"NCA-ECC::Access_Control","finding_id":null,"remediation_plan_id":null,"priority":"medium","status":"pending","progress_percentage":0,"assigned_to":null,"assigned_to_email":null,"assigned_to_name":"Team - nan","assigned_team":null,"collaborators":null,"due_date":"2025-11-16T00:00:00.000Z","start_date":null,"completed_date":null,"estimated_hours":null,"actual_hours":null,"depends_on_tasks":null,"is_blocked":false,"blocker_reason":null,"notify_on_due":true,"notify_on_complete":true,"last_reminder_sent":null,"completion_notes":"{\"section\":\"NCA ECC: Access Control\",\"frameworks\":[\"NCA ECC v2.0\",\"SAMA CSF\"],\"domain\":\"Access Control\",\"labels\":[\"NCA ECC v2.0\",\"SAMA CSF\",\"Access Control\",\"nan\"],\"evidence_types\":[\"Policy/Standard\",\"Configuration/Capture\",\"Report/Review\"],\"rice_score\":94.5,\"wsjf_score\":12,\"next_review\":\"2026-05-08\"}","completion_evidence":null,"created_by":null,"created_at":"2025-11-14T17:02:44.074Z","updated_at":"2025-11-14T17:02:44.074Z"},{"id":"62905a48-a3e9-4208-b5b8-5e9c76745b5e","tenant_id":"default","task_type":"assessment","title":"[NCA ECC v2.0] NCA ECC: Incident Management","title_ar":"تطبيق واختبار ضوابط 'Incident Management' وفق الإصدار الثاني من ضوابط الأمن السيبراني الأساسية (NCA ECC). تحديد النطاق والمالكين المسؤولين، والحفاظ على خطوط الأساس للإعدادات، والاحتفاظ بأدلة التشغيل (إعدادات/لقطات/تقارير). تتبع حالات عدم المطابقة وإغلاق إجراءات المعالجة ضمن اتفاقيات مستوى الخدمة. الحد الأدنى للأدلة: [Policy/Standard; Configuration/Capture; Report/Review]. المالك: SecOps/SOC. الأولوية: Critical. المراجعة القادمة: 2026-05-08.","description":"Implement and periodically test controls under NCA ECC v2.0 – 'Incident Management'. Define scope and responsible owners, maintain configuration baselines, and retain proof of control operation (configs/screenshots/reports). Track nonconformities and close remediation actions within defined SLAs. Minimum evidence: [Policy/Standard; Configuration/Capture; Report/Review]. Owner: SecOps/SOC. Priority: Critical. Next review: 2026-05-08.","description_ar":"تطبيق واختبار ضوابط 'Incident Management' وفق الإصدار الثاني من ضوابط الأمن السيبراني الأساسية (NCA ECC). تحديد النطاق والمالكين المسؤولين، والحفاظ على خطوط الأساس للإعدادات، والاحتفاظ بأدلة التشغيل (إعدادات/لقطات/تقارير). تتبع حالات عدم المطابقة وإغلاق إجراءات المعالجة ضمن اتفاقيات مستوى الخدمة. الحد الأدنى للأدلة: [Policy/Standard; Configuration/Capture; Report/Review]. المالك: SecOps/SOC. الأولوية: Critical. المراجعة القادمة: 2026-05-08.","organization_id":null,"assessment_id":null,"control_id":"NCA-ECC::Incident_Management","finding_id":null,"remediation_plan_id":null,"priority":"medium","status":"pending","progress_percentage":0,"assigned_to":null,"assigned_to_email":null,"assigned_to_name":"Team - SecOps/SOC","assigned_team":null,"collaborators":null,"due_date":"2025-11-16T00:00:00.000Z","start_date":null,"completed_date":null,"estimated_hours":null,"actual_hours":null,"depends_on_tasks":null,"is_blocked":false,"blocker_reason":null,"notify_on_due":true,"notify_on_complete":true,"last_reminder_sent":null,"completion_notes":"{\"section\":\"NCA ECC: Incident Management\",\"frameworks\":[\"NCA ECC v2.0\",\"SAMA CSF\"],\"domain\":\"Incident Response\",\"labels\":[\"NCA ECC v2.0\",\"SAMA CSF\",\"Incident Response\",\"Re... (set the log level to DEBUG or TRACE to see the full content) 
 </msg>
<msg time="2025-11-14T20:15:00.842751" level="INFO">${response} = &lt;Response [200]&gt;</msg>
<var>${response}</var>
<arg>${API_ENDPOINT}</arg>
<arg>params=${params}</arg>
<arg>expected_status=200</arg>
<doc>Sends a GET request.</doc>
<status status="PASS" start="2025-11-14T20:15:00.540664" elapsed="0.302087"/>
</kw>
<kw name="Set Variable" owner="BuiltIn">
<msg time="2025-11-14T20:15:00.843751" level="INFO">${json} = {'success': True, 'data': [{'id': 'eff087b8-02a0-4c91-9833-b724c7f84165', 'tenant_id': 'default', 'task_type': 'assessment', 'title': '[NCA ECC v2.0] NCA ECC: Business Continuity', 'title_ar': "تطبيق ...</msg>
<var>${json}</var>
<arg>${response.json()}</arg>
<doc>Returns the given values which can then be assigned to a variables.</doc>
<status status="PASS" start="2025-11-14T20:15:00.842751" elapsed="0.001000"/>
</kw>
<kw name="Set Variable" owner="BuiltIn">
<msg time="2025-11-14T20:15:00.844751" level="INFO">${tasks} = [{'id': 'eff087b8-02a0-4c91-9833-b724c7f84165', 'tenant_id': 'default', 'task_type': 'assessment', 'title': '[NCA ECC v2.0] NCA ECC: Business Continuity', 'title_ar': "تطبيق واختبار ضوابط 'Business Co...</msg>
<var>${tasks}</var>
<arg>${json['data']}</arg>
<doc>Returns the given values which can then be assigned to a variables.</doc>
<status status="PASS" start="2025-11-14T20:15:00.843751" elapsed="0.001000"/>
</kw>
<kw name="Get Length" owner="BuiltIn">
<msg time="2025-11-14T20:15:00.844751" level="INFO">Length is 4.</msg>
<msg time="2025-11-14T20:15:00.844751" level="INFO">${count} = 4</msg>
<var>${count}</var>
<arg>${tasks}</arg>
<doc>Returns and logs the length of the given item as an integer.</doc>
<status status="PASS" start="2025-11-14T20:15:00.844751" elapsed="0.000000"/>
</kw>
<kw name="Log" owner="BuiltIn">
<msg time="2025-11-14T20:15:00.844751" level="INFO">Found 4 SAMA CSF tasks</msg>
<arg>Found ${count} SAMA CSF tasks</arg>
<doc>Logs the given message with the given level.</doc>
<status status="PASS" start="2025-11-14T20:15:00.844751" elapsed="0.000000"/>
</kw>
<doc>Filter tasks by SAMA CSF framework</doc>
<tag>filter</tag>
<status status="PASS" start="2025-11-14T20:15:00.539866" elapsed="0.305885"/>
</test>
<test id="s1-t6" name="TC006_Filter_By_Priority_High" line="84">
<kw name="Create Dictionary" owner="BuiltIn">
<msg time="2025-11-14T20:15:00.846751" level="INFO">${params} = {'priority': 'high', 'limit': '10'}</msg>
<var>${params}</var>
<arg>priority=high</arg>
<arg>limit=10</arg>
<doc>Creates and returns a dictionary based on the given ``items``.</doc>
<status status="PASS" start="2025-11-14T20:15:00.846751" elapsed="0.000000"/>
</kw>
<kw name="GET" owner="RequestsLibrary">
<msg time="2025-11-14T20:15:01.156268" level="INFO">GET Request : url=http://localhost:3005/api/tasks?priority=high&amp;limit=10 
 path_url=/api/tasks?priority=high&amp;limit=10 
 headers={'User-Agent': 'python-requests/2.31.0', 'Accept-Encoding': 'gzip, deflate, br, zstd', 'Accept': '*/*', 'Connection': 'keep-alive'} 
 body=None 
 </msg>
<msg time="2025-11-14T20:15:01.156788" level="INFO">GET Response : url=http://localhost:3005/api/tasks?priority=high&amp;limit=10 
 status=200, reason=OK 
 headers={'X-Request-ID': 'req_1763140500850_839551aa611a5fa1', 'Content-Security-Policy': "default-src 'self';script-src 'self' 'unsafe-inline';style-src 'self' 'unsafe-inline';img-src 'self' data: https:;connect-src 'self';font-src 'self';object-src 'none';media-src 'self';frame-src 'none';base-uri 'self';form-action 'self';frame-ancestors 'self';script-src-attr 'none';upgrade-insecure-requests", 'Cross-Origin-Opener-Policy': 'same-origin', 'Cross-Origin-Resource-Policy': 'cross-origin', 'Origin-Agent-Cluster': '?1', 'Referrer-Policy': 'no-referrer', 'Strict-Transport-Security': 'max-age=31536000; includeSubDomains; preload', 'X-Content-Type-Options': 'nosniff', 'X-DNS-Prefetch-Control': 'off', 'X-Download-Options': 'noopen', 'X-Frame-Options': 'DENY', 'X-Permitted-Cross-Domain-Policies': 'none', 'X-XSS-Protection': '0', 'Vary': 'Origin', 'Access-Control-Allow-Credentials': 'true', 'RateLimit-Policy': '100;w=900', 'RateLimit-Limit': '100', 'RateLimit-Remaining': '27', 'RateLimit-Reset': '572', 'X-Response-Time': '304ms', 'Content-Type': 'application/json; charset=utf-8', 'Content-Length': '31846', 'ETag': 'W/"7c66-s0ambjH7bke0pv6Xtnlp2BgCES4"', 'Date': 'Fri, 14 Nov 2025 17:15:01 GMT', 'Connection': 'keep-alive', 'Keep-Alive': 'timeout=5'} 
 body={"success":true,"data":[{"id":"bf1cb670-0e87-4c38-aee4-8067e444d7bb","tenant_id":"default","task_type":"assessment","title":"[NCA ECC v2.0] NCA ECC: Operations &amp; Technology","title_ar":"تطبيق واختبار ضوابط 'Operations &amp; Technology' وفق الإصدار الثاني من ضوابط الأمن السيبراني الأساسية (NCA ECC). تحديد النطاق والمالكين المسؤولين، والحفاظ على خطوط الأساس للإعدادات، والاحتفاظ بأدلة التشغيل (إعدادات/لقطات/تقارير). تتبع حالات عدم المطابقة وإغلاق إجراءات المعالجة ضمن اتفاقيات مستوى الخدمة. الحد الأدنى للأدلة: [Policy/Standard; Configuration/Capture; Report/Review]. المالك: nan. الأولوية: High. المراجعة القادمة: 2026-05-08.","description":"Implement and periodically test controls under NCA ECC v2.0 – 'Operations &amp; Technology'. Define scope and responsible owners, maintain configuration baselines, and retain proof of control operation (configs/screenshots/reports). Track nonconformities and close remediation actions within defined SLAs. Minimum evidence: [Policy/Standard; Configuration/Capture; Report/Review]. Owner: nan. Priority: High. Next review: 2026-05-08.","description_ar":"تطبيق واختبار ضوابط 'Operations &amp; Technology' وفق الإصدار الثاني من ضوابط الأمن السيبراني الأساسية (NCA ECC). تحديد النطاق والمالكين المسؤولين، والحفاظ على خطوط الأساس للإعدادات، والاحتفاظ بأدلة التشغيل (إعدادات/لقطات/تقارير). تتبع حالات عدم المطابقة وإغلاق إجراءات المعالجة ضمن اتفاقيات مستوى الخدمة. الحد الأدنى للأدلة: [Policy/Standard; Configuration/Capture; Report/Review]. المالك: nan. الأولوية: High. المراجعة القادمة: 2026-05-08.","organization_id":null,"assessment_id":null,"control_id":"NCA-ECC::Operations_&amp;_Technology","finding_id":null,"remediation_plan_id":null,"priority":"high","status":"pending","progress_percentage":0,"assigned_to":null,"assigned_to_email":null,"assigned_to_name":"Team - nan","assigned_team":null,"collaborators":null,"due_date":"2025-11-23T00:00:00.000Z","start_date":null,"completed_date":null,"estimated_hours":null,"actual_hours":null,"depends_on_tasks":null,"is_blocked":false,"blocker_reason":null,"notify_on_due":true,"notify_on_complete":true,"last_reminder_sent":null,"completion_notes":"{\"section\":\"NCA ECC: Operations &amp; Technology\",\"frameworks\":[\"NCA ECC v2.0\"],\"domain\":\"Operations Security\",\"labels\":[\"NCA ECC v2.0\",\"Operations Security\",\"nan\"],\"evidence_types\":[\"Policy/Standard\",\"Configuration/Capture\",\"Report/Review\"],\"rice_score\":54,\"wsjf_score\":9,\"next_review\":\"2026-05-08\"}","completion_evidence":null,"created_by":null,"created_at":"2025-11-14T17:02:44.114Z","updated_at":"2025-11-14T17:02:44.114Z"},{"id":"5194949c-98a0-4cf8-a804-98ab6dd4e06f","tenant_id":"default","task_type":"assessment","title":"[NCA ECC v2.0] NCA ECC: Risk Management","title_ar":"تطبيق واختبار ضوابط 'Risk Management' وفق الإصدار الثاني من ضوابط الأمن السيبراني الأساسية (NCA ECC). تحديد النطاق والمالكين المسؤولين، والحفاظ على خطوط الأساس للإعدادات، والاحتفاظ بأدلة التشغيل (إعدادات/لقطات/تقارير). تتبع حالات عدم المطابقة وإغلاق إجراءات المعالجة ضمن اتفاقيات مستوى الخدمة. الحد الأدنى للأدلة: [Policy/Standard; Configuration/Capture; Report/Review]. المالك: nan. الأولوية: High. المراجعة القادمة: 2026-11-09.","description":"Implement and periodically test controls under NCA ECC v2.0 – 'Risk Management'. Define scope and responsible owners, maintain configuration baselines, and retain proof of control operation (configs/screenshots/reports). Track nonconformities and close remediation actions within defined SLAs. Minimum evidence: [Policy/Standard; Configuration/Capture; Report/Review]. Owner: nan. Priority: High. Next review: 2026-11-09.","description_ar":"تطبيق واختبار ضوابط 'Risk Management' وفق الإصدار الثاني من ضوابط الأمن السيبراني الأساسية (NCA ECC). تحديد النطاق والمالكين المسؤولين، والحفاظ على خطوط الأساس للإعدادات، والاحتفاظ بأدلة التشغيل (إعدادات/لقطات/تقارير). تتبع حالات عدم المطابقة وإغلاق إجراءات المعالجة ضمن اتفاقيات مستوى الخدمة. الحد الأدنى للأدلة: [Policy/Standard; Configuration/Capture; Report/Review]. المالك: nan. الأولوية: High. المراجعة القادمة: 2026-11-09.","organization_id":null,"assessment_id":null,"control_id":"NCA-ECC::Risk_Management","finding_id":null,"remediation_plan_id":null,"priority":"high","status":"pending","progress_percentage":0,"assigned_to":null,"assigned_to_email":null,"assigned_to_name":"Team - nan","assigned_team":null,"collaborators":null,"due_date":"2025-11-23T00:00:00.000Z","start_date":null,"completed_date":null,"estimated_hours":null,"actual_hours":null,"depends_on_tasks":null,"is_blocked":false,"blocker_reason":null,"notify_on_due":true,"notify_on_complete":true,"last_reminder_sent":null,"completion_notes":"{\"section\":\"NCA ECC: Risk Management\",\"frameworks\":[\"NCA ECC v2.0\",\"SAMA CSF\"],\"domain\":\"Risk Management\",\"labels\":[\"NCA ECC v2.0\",\"SAMA CSF\",\"Risk Management\",\"nan\"],\"evidence_types\":[\"Policy/Standard\",\"Configuration/Capture\",\"Report/Review\"],\"rice_score\":45,\"wsjf_score\":9,\"next_review\":\"2026-11-09\"}","completion_evidence":null,"created_by":null,"created_at":"2025-11-14T17:02:44.117Z","updated_at":"2025-11-14T17:02:44.117Z"},{"id":"6115d9b3-3b41-4dd4-a415-17715dc399f2","tenant_id":"default","task_type":"assessment","title":"[NCA ECC v2.0] NCA ECC: Risk Management","title_ar":"تطبيق واختبار ضوابط 'Risk Management' وفق الإصدار الثاني من ضوابط الأمن السيبراني الأساسية (NCA ECC). تحديد النطاق والمالكين المسؤولين، والحفاظ على خطوط الأساس للإعدادات، والاحتفاظ بأدلة التشغيل (إعدادات/لقطات/تقارير). تتبع حالات عدم المطابقة وإغلاق إجراءات المعالجة ضمن اتفاقيات مستوى الخدمة. الحد الأدنى للأدلة: [Policy/Standard; Configuration/Capture; Report/Review]. المالك: nan. الأولوية: High. المراجعة القادمة: 2026-05-08.","description":"Implement and periodically test controls under NCA ECC v2.0 – 'Risk Management'. Define scope and responsible owners, maintain configuration baselines, and retain proof of control operation (configs/screenshots/reports). Track nonconformities and close remediation actions within defined SLAs. Minimum evidence: [Policy/Standard; Configuration/Capture; Report/Review]. Owner: nan. Priority: High. Next review: 2026-05-08.","description_ar":"تطبيق واختبار ضوابط 'Risk Management' وفق الإصدار الثاني من ضوابط الأمن السيبراني الأساسية (NCA ECC). تحديد النطاق والمالكين المسؤولين، والحفاظ على خطوط الأساس للإعدادات، والاحتفاظ بأدلة التشغيل (إعدادات/لقطات/تقارير). تتبع حالات عدم المطابقة وإغلاق إجراءات المعالجة ضمن اتفاقيات مستوى الخدمة. الحد الأدنى للأدلة: [Policy/Standard; Configuration/Capture; Report/Review]. المالك: nan. الأولوية: High. المراجعة القادمة: 2026-05-08.","organization_id":null,"assessment_id":null,"control_id":"NCA-ECC::Risk_Management","finding_id":null,"remediation_plan_id":null,"priority":"high","status":"pending","progress_percentage":0,"assigned_to":null,"assigned_to_email":null,"assigned_to_name":"Team - nan","assigned_team":null,"collaborators":null,"due_date":"2025-11-23T00:00:00.000Z","start_date":null,"completed_date":null,"estimated_hours":null,"actual_hours":null,"depends_on_tasks":null,"is_blocked":false,"blocker_reason":null,"notify_on_due":true,"notify_on_complete":true,"last_reminder_sent":null,"completion_notes":"{\"section\":\"NCA ECC: Risk Management\",\"frameworks\":[\"NCA ECC v2.0\",\"SAMA CSF\"],\"domain\":\"Risk Management\",\"labels\":[\"NCA ECC v2.0\",\"SAMA CSF\",\"Risk Management\",\"nan\"],\"evidence_types\":[\"Policy/Standard\",\"Configuration/Capture\",\"Report/Review\"],\"rice_score\":54,\"wsjf_score\":9,\"next_review\":\"2026-05-08\"}","completion_evidence":null,"created_by":null,"created_at":"2025-11-14T17:02:44.117Z","updated_at":"2025-11-14T17:02:44.117Z"},{"id":"1e790206-f66a-4a0b-9fb8-ba1e024831e3","tenant_id":"default","task_type":"assessment","title":"[NCA ECC v2.0] PDPL: Security of Personal Data","title_ar":"إنشاء وضبط ضوابط 'Security of Personal Data' بما يتوافق مع نظام حماية البيانات الشخصية ولائحته التنفيذية في المملكة. الاحتفاظ بأدلة الامتثال (سياسات، إجراءات، سجلات تعامل مع حقوق الأفراد)، وتحديد المالك المسؤول، وتحديد جداول مراجعة دورية. التأكد من إشعارات الخصوصية ومعالجة حقوق الأفراد وإشعارات الحوادث ضمن المدد النظامية. الحد الأدنى للأدلة: [Policy/Standard; Procedure/Playbook; Record/Log]. المالك: DPO. الأولوية: High. المراجعة القادمة: 2026-05-08.","description":"Establish and maintain controls for 'Security of Personal Data' in alignment with the KSA PDPL and its regulations. Maintain evidence of compliance (policies, procedures, data subject handling logs), designate accountable ownership, and schedule periodic reviews. Ensure privacy notices, rights handling (SAR/erasure/rectification), and incident notification meet PDPL timelines. Minimum evidence: [Policy/Standard; Procedure/Playbook; Record/Log]. Owner: DPO. Priority: High. Next review: 2026-05-08.","description_ar":"إنشاء وضبط ضوابط 'Security of Personal Data' بما يتوافق مع نظام حماية البيانات الشخصية ولائحته التنفيذية في المملكة. الاحتفاظ بأدلة الامتثال (سياسات، إجراءات، سجلات تعامل مع حقوق الأفراد)، وتحديد المالك المسؤول، وتحديد جداول مراجعة دورية. التأكد من إشعارات الخصوصية ومعالجة حقوق الأفراد وإشعارات الحوادث ضمن المدد النظامية. الحد الأدنى للأدلة: [Policy/Standard; Procedure/Playbook; Record/Log]. المالك: DPO. الأولوية: High. المراجعة القادمة: 2026-05-08.","organization_id":null,"assessment_id":null,"control_id":"PDPL::Security_of_Personal_Data","finding_id":null,"remediation_plan_id":null,"priority":"high","status":"pending","progress_percentage":0,"assigned_to":null,"assigned_to_email":null,"assigned_to_name":"Team - DPO","assigned_team":null,"collaborators":null,"due_date":"2025-11-23T00:00:00.000Z","start_date":null,"completed_date":null,"estimated_hours":null,"actual_hours":null,"depends_on_tasks":null,"is_blocked":false,"blocker_reason":null,"notify_on_due":true,"notify_on_complete":true,"last_reminder_sent":null,"completion_notes":"{\"section\":\"PDPL: Security of Personal Data\",\"frameworks\":[\"NCA ECC v2.0\",\"PDPL (KSA)\",\"SAMA CSF\"],\"domain\":\"Risk Management\",\"labels\":[\"NC... (set the log level to DEBUG or TRACE to see the full content) 
 </msg>
<msg time="2025-11-14T20:15:01.156788" level="INFO">${response} = &lt;Response [200]&gt;</msg>
<var>${response}</var>
<arg>${API_ENDPOINT}</arg>
<arg>params=${params}</arg>
<arg>expected_status=200</arg>
<doc>Sends a GET request.</doc>
<status status="PASS" start="2025-11-14T20:15:00.847355" elapsed="0.309433"/>
</kw>
<kw name="Set Variable" owner="BuiltIn">
<msg time="2025-11-14T20:15:01.158926" level="INFO">${json} = {'success': True, 'data': [{'id': 'bf1cb670-0e87-4c38-aee4-8067e444d7bb', 'tenant_id': 'default', 'task_type': 'assessment', 'title': '[NCA ECC v2.0] NCA ECC: Operations &amp; Technology', 'title_ar': "تط...</msg>
<var>${json}</var>
<arg>${response.json()}</arg>
<doc>Returns the given values which can then be assigned to a variables.</doc>
<status status="PASS" start="2025-11-14T20:15:01.157926" elapsed="0.001000"/>
</kw>
<kw name="Set Variable" owner="BuiltIn">
<msg time="2025-11-14T20:15:01.159514" level="INFO">${tasks} = [{'id': 'bf1cb670-0e87-4c38-aee4-8067e444d7bb', 'tenant_id': 'default', 'task_type': 'assessment', 'title': '[NCA ECC v2.0] NCA ECC: Operations &amp; Technology', 'title_ar': "تطبيق واختبار ضوابط 'Operati...</msg>
<var>${tasks}</var>
<arg>${json['data']}</arg>
<doc>Returns the given values which can then be assigned to a variables.</doc>
<status status="PASS" start="2025-11-14T20:15:01.159514" elapsed="0.001226"/>
</kw>
<kw name="Get Length" owner="BuiltIn">
<msg time="2025-11-14T20:15:01.160740" level="INFO">Length is 10.</msg>
<msg time="2025-11-14T20:15:01.160740" level="INFO">${count} = 10</msg>
<var>${count}</var>
<arg>${tasks}</arg>
<doc>Returns and logs the length of the given item as an integer.</doc>
<status status="PASS" start="2025-11-14T20:15:01.160740" elapsed="0.000000"/>
</kw>
<kw name="Log" owner="BuiltIn">
<msg time="2025-11-14T20:15:01.161737" level="INFO">Found 10 high priority tasks</msg>
<arg>Found ${count} high priority tasks</arg>
<doc>Logs the given message with the given level.</doc>
<status status="PASS" start="2025-11-14T20:15:01.161737" elapsed="0.000000"/>
</kw>
<doc>Filter tasks with high priority</doc>
<tag>filter</tag>
<status status="PASS" start="2025-11-14T20:15:00.845751" elapsed="0.315986"/>
</test>
<test id="s1-t7" name="TC007_Filter_By_Priority_Medium" line="95">
<kw name="Create Dictionary" owner="BuiltIn">
<msg time="2025-11-14T20:15:01.162738" level="INFO">${params} = {'priority': 'medium', 'limit': '10'}</msg>
<var>${params}</var>
<arg>priority=medium</arg>
<arg>limit=10</arg>
<doc>Creates and returns a dictionary based on the given ``items``.</doc>
<status status="PASS" start="2025-11-14T20:15:01.162738" elapsed="0.000000"/>
</kw>
<kw name="GET" owner="RequestsLibrary">
<msg time="2025-11-14T20:15:01.484406" level="INFO">GET Request : url=http://localhost:3005/api/tasks?priority=medium&amp;limit=10 
 path_url=/api/tasks?priority=medium&amp;limit=10 
 headers={'User-Agent': 'python-requests/2.31.0', 'Accept-Encoding': 'gzip, deflate, br, zstd', 'Accept': '*/*', 'Connection': 'keep-alive'} 
 body=None 
 </msg>
<msg time="2025-11-14T20:15:01.484406" level="INFO">GET Response : url=http://localhost:3005/api/tasks?priority=medium&amp;limit=10 
 status=200, reason=OK 
 headers={'X-Request-ID': 'req_1763140501166_25dcf648ef88c5cc', 'Content-Security-Policy': "default-src 'self';script-src 'self' 'unsafe-inline';style-src 'self' 'unsafe-inline';img-src 'self' data: https:;connect-src 'self';font-src 'self';object-src 'none';media-src 'self';frame-src 'none';base-uri 'self';form-action 'self';frame-ancestors 'self';script-src-attr 'none';upgrade-insecure-requests", 'Cross-Origin-Opener-Policy': 'same-origin', 'Cross-Origin-Resource-Policy': 'cross-origin', 'Origin-Agent-Cluster': '?1', 'Referrer-Policy': 'no-referrer', 'Strict-Transport-Security': 'max-age=31536000; includeSubDomains; preload', 'X-Content-Type-Options': 'nosniff', 'X-DNS-Prefetch-Control': 'off', 'X-Download-Options': 'noopen', 'X-Frame-Options': 'DENY', 'X-Permitted-Cross-Domain-Policies': 'none', 'X-XSS-Protection': '0', 'Vary': 'Origin', 'Access-Control-Allow-Credentials': 'true', 'RateLimit-Policy': '100;w=900', 'RateLimit-Limit': '100', 'RateLimit-Remaining': '26', 'RateLimit-Reset': '572', 'X-Response-Time': '316ms', 'Content-Type': 'application/json; charset=utf-8', 'Content-Length': '29444', 'ETag': 'W/"7304-t7m1W3vqvKfiz4O1g8j04FQnB3A"', 'Date': 'Fri, 14 Nov 2025 17:15:01 GMT', 'Connection': 'keep-alive', 'Keep-Alive': 'timeout=5'} 
 body={"success":true,"data":[{"id":"eff087b8-02a0-4c91-9833-b724c7f84165","tenant_id":"default","task_type":"assessment","title":"[NCA ECC v2.0] NCA ECC: Business Continuity","title_ar":"تطبيق واختبار ضوابط 'Business Continuity' وفق الإصدار الثاني من ضوابط الأمن السيبراني الأساسية (NCA ECC). تحديد النطاق والمالكين المسؤولين، والحفاظ على خطوط الأساس للإعدادات، والاحتفاظ بأدلة التشغيل (إعدادات/لقطات/تقارير). تتبع حالات عدم المطابقة وإغلاق إجراءات المعالجة ضمن اتفاقيات مستوى الخدمة. الحد الأدنى للأدلة: [Policy/Standard; Configuration/Capture; Report/Review]. المالك: nan. الأولوية: Critical. المراجعة القادمة: 2026-05-08.","description":"Implement and periodically test controls under NCA ECC v2.0 – 'Business Continuity'. Define scope and responsible owners, maintain configuration baselines, and retain proof of control operation (configs/screenshots/reports). Track nonconformities and close remediation actions within defined SLAs. Minimum evidence: [Policy/Standard; Configuration/Capture; Report/Review]. Owner: nan. Priority: Critical. Next review: 2026-05-08.","description_ar":"تطبيق واختبار ضوابط 'Business Continuity' وفق الإصدار الثاني من ضوابط الأمن السيبراني الأساسية (NCA ECC). تحديد النطاق والمالكين المسؤولين، والحفاظ على خطوط الأساس للإعدادات، والاحتفاظ بأدلة التشغيل (إعدادات/لقطات/تقارير). تتبع حالات عدم المطابقة وإغلاق إجراءات المعالجة ضمن اتفاقيات مستوى الخدمة. الحد الأدنى للأدلة: [Policy/Standard; Configuration/Capture; Report/Review]. المالك: nan. الأولوية: Critical. المراجعة القادمة: 2026-05-08.","organization_id":null,"assessment_id":null,"control_id":"NCA-ECC::Business_Continuity","finding_id":null,"remediation_plan_id":null,"priority":"medium","status":"pending","progress_percentage":0,"assigned_to":null,"assigned_to_email":null,"assigned_to_name":"Team - nan","assigned_team":null,"collaborators":null,"due_date":"2025-11-16T00:00:00.000Z","start_date":null,"completed_date":null,"estimated_hours":null,"actual_hours":null,"depends_on_tasks":null,"is_blocked":false,"blocker_reason":null,"notify_on_due":true,"notify_on_complete":true,"last_reminder_sent":null,"completion_notes":"{\"section\":\"NCA ECC: Business Continuity\",\"frameworks\":[\"NCA ECC v2.0\",\"SAMA CSF\"],\"domain\":\"Business Continuity\",\"labels\":[\"NCA ECC v2.0\",\"SAMA CSF\",\"Business Continuity\",\"Report/Review\"],\"evidence_types\":[\"Policy/Standard\",\"Configuration/Capture\",\"Report/Review\"],\"rice_score\":63,\"wsjf_score\":9,\"next_review\":\"2026-05-08\"}","completion_evidence":null,"created_by":null,"created_at":"2025-11-14T17:02:44.070Z","updated_at":"2025-11-14T17:02:44.070Z"},{"id":"16c63f59-0945-4c2c-9317-b2a0db313281","tenant_id":"default","task_type":"assessment","title":"[NCA ECC v2.0] NCA ECC: Risk Management","title_ar":"تطبيق واختبار ضوابط 'Risk Management' وفق الإصدار الثاني من ضوابط الأمن السيبراني الأساسية (NCA ECC). تحديد النطاق والمالكين المسؤولين، والحفاظ على خطوط الأساس للإعدادات، والاحتفاظ بأدلة التشغيل (إعدادات/لقطات/تقارير). تتبع حالات عدم المطابقة وإغلاق إجراءات المعالجة ضمن اتفاقيات مستوى الخدمة. الحد الأدنى للأدلة: [Policy/Standard; Configuration/Capture; Report/Review]. المالك: nan. الأولوية: Critical. المراجعة القادمة: 2026-05-08.","description":"Implement and periodically test controls under NCA ECC v2.0 – 'Risk Management'. Define scope and responsible owners, maintain configuration baselines, and retain proof of control operation (configs/screenshots/reports). Track nonconformities and close remediation actions within defined SLAs. Minimum evidence: [Policy/Standard; Configuration/Capture; Report/Review]. Owner: nan. Priority: Critical. Next review: 2026-05-08.","description_ar":"تطبيق واختبار ضوابط 'Risk Management' وفق الإصدار الثاني من ضوابط الأمن السيبراني الأساسية (NCA ECC). تحديد النطاق والمالكين المسؤولين، والحفاظ على خطوط الأساس للإعدادات، والاحتفاظ بأدلة التشغيل (إعدادات/لقطات/تقارير). تتبع حالات عدم المطابقة وإغلاق إجراءات المعالجة ضمن اتفاقيات مستوى الخدمة. الحد الأدنى للأدلة: [Policy/Standard; Configuration/Capture; Report/Review]. المالك: nan. الأولوية: Critical. المراجعة القادمة: 2026-05-08.","organization_id":null,"assessment_id":null,"control_id":"NCA-ECC::Risk_Management","finding_id":null,"remediation_plan_id":null,"priority":"medium","status":"pending","progress_percentage":0,"assigned_to":null,"assigned_to_email":null,"assigned_to_name":"Team - nan","assigned_team":null,"collaborators":null,"due_date":"2025-11-16T00:00:00.000Z","start_date":null,"completed_date":null,"estimated_hours":null,"actual_hours":null,"depends_on_tasks":null,"is_blocked":false,"blocker_reason":null,"notify_on_due":true,"notify_on_complete":true,"last_reminder_sent":null,"completion_notes":"{\"section\":\"NCA ECC: Risk Management\",\"frameworks\":[\"NCA ECC v2.0\"],\"domain\":\"Risk Management\",\"labels\":[\"NCA ECC v2.0\",\"Risk Management\",\"nan\"],\"evidence_types\":[\"Policy/Standard\",\"Configuration/Capture\",\"Report/Review\"],\"rice_score\":52.5,\"wsjf_score\":9,\"next_review\":\"2026-05-08\"}","completion_evidence":null,"created_by":null,"created_at":"2025-11-14T17:02:44.070Z","updated_at":"2025-11-14T17:02:44.070Z"},{"id":"8d97a949-4492-48cb-9787-2669a78f0711","tenant_id":"default","task_type":"assessment","title":"[NCA ECC v2.0] NCA ECC: Application Security","title_ar":"تطبيق واختبار ضوابط 'Application Security' وفق الإصدار الثاني من ضوابط الأمن السيبراني الأساسية (NCA ECC). تحديد النطاق والمالكين المسؤولين، والحفاظ على خطوط الأساس للإعدادات، والاحتفاظ بأدلة التشغيل (إعدادات/لقطات/تقارير). تتبع حالات عدم المطابقة وإغلاق إجراءات المعالجة ضمن اتفاقيات مستوى الخدمة. الحد الأدنى للأدلة: [Policy/Standard; Configuration/Capture; Report/Review]. المالك: nan. الأولوية: Critical. المراجعة القادمة: 2026-05-08.","description":"Implement and periodically test controls under NCA ECC v2.0 – 'Application Security'. Define scope and responsible owners, maintain configuration baselines, and retain proof of control operation (configs/screenshots/reports). Track nonconformities and close remediation actions within defined SLAs. Minimum evidence: [Policy/Standard; Configuration/Capture; Report/Review]. Owner: nan. Priority: Critical. Next review: 2026-05-08.","description_ar":"تطبيق واختبار ضوابط 'Application Security' وفق الإصدار الثاني من ضوابط الأمن السيبراني الأساسية (NCA ECC). تحديد النطاق والمالكين المسؤولين، والحفاظ على خطوط الأساس للإعدادات، والاحتفاظ بأدلة التشغيل (إعدادات/لقطات/تقارير). تتبع حالات عدم المطابقة وإغلاق إجراءات المعالجة ضمن اتفاقيات مستوى الخدمة. الحد الأدنى للأدلة: [Policy/Standard; Configuration/Capture; Report/Review]. المالك: nan. الأولوية: Critical. المراجعة القادمة: 2026-05-08.","organization_id":null,"assessment_id":null,"control_id":"NCA-ECC::Application_Security","finding_id":null,"remediation_plan_id":null,"priority":"medium","status":"pending","progress_percentage":0,"assigned_to":null,"assigned_to_email":null,"assigned_to_name":"Team - nan","assigned_team":null,"collaborators":null,"due_date":"2025-11-16T00:00:00.000Z","start_date":null,"completed_date":null,"estimated_hours":null,"actual_hours":null,"depends_on_tasks":null,"is_blocked":false,"blocker_reason":null,"notify_on_due":true,"notify_on_complete":true,"last_reminder_sent":null,"completion_notes":"{\"section\":\"NCA ECC: Application Security\",\"frameworks\":[\"NCA ECC v2.0\"],\"domain\":\"Third-Party Risk\",\"labels\":[\"NCA ECC v2.0\",\"Third-Party Risk\",\"nan\"],\"evidence_types\":[\"Policy/Standard\",\"Configuration/Capture\",\"Report/Review\"],\"rice_score\":52.5,\"wsjf_score\":9,\"next_review\":\"2026-05-08\"}","completion_evidence":null,"created_by":null,"created_at":"2025-11-14T17:02:44.071Z","updated_at":"2025-11-14T17:02:44.071Z"},{"id":"e4393e95-b785-4b93-96f8-4f9e2066c5e4","tenant_id":"default","task_type":"assessment","title":"[NCA ECC v2.0] NCA ECC: Access Control","title_ar":"تطبيق واختبار ضوابط 'Access Control' وفق الإصدار الثاني من ضوابط الأمن السيبراني الأساسية (NCA ECC). تحديد النطاق والمالكين المسؤولين، والحفاظ على خطوط الأساس للإعدادات، والاحتفاظ بأدلة التشغيل (إعدادات/لقطات/تقارير). تتبع حالات عدم المطابقة وإغلاق إجراءات المعالجة ضمن اتفاقيات مستوى الخدمة. الحد الأدنى للأدلة: [Policy/Standard; Configuration/Capture; Report/Review]. المالك: nan. الأولوية: Critical. المراجعة القادمة: 2026-05-08.","description":"Implement and periodically test controls under NCA ECC v2.0 – 'Access Control'. Define scope and responsible owners, maintain configuration baselines, and retain proof of control operation (configs/screenshots/reports). Track nonconformities and close remediation actions within defined SLAs. Minimum evidence: [Policy/Standard; Configuration/Capture; Report/Review]. Owner: nan. Priority: Critical. Next review: 2026
[...]
 body={"success":true,"data":[{"id":"16c63f59-0945-4c2c-9317-b2a0db313281","tenant_id":"default","task_type":"assessment","title":"[NCA ECC v2.0] NCA ECC: Risk Management","title_ar":"تطبيق واختبار ضوابط 'Risk Management' وفق الإصدار الثاني من ضوابط الأمن السيبراني الأساسية (NCA ECC). تحديد النطاق والمالكين المسؤولين، والحفاظ على خطوط الأساس للإعدادات، والاحتفاظ بأدلة التشغيل (إعدادات/لقطات/تقارير). تتبع حالات عدم المطابقة وإغلاق إجراءات المعالجة ضمن اتفاقيات مستوى الخدمة. الحد الأدنى للأدلة: [Policy/Standard; Configuration/Capture; Report/Review]. المالك: nan. الأولوية: Critical. المراجعة القادمة: 2026-05-08.","description":"Implement and periodically test controls under NCA ECC v2.0 – 'Risk Management'. Define scope and responsible owners, maintain configuration baselines, and retain proof of control operation (configs/screenshots/reports). Track nonconformities and close remediation actions within defined SLAs. Minimum evidence: [Policy/Standard; Configuration/Capture; Report/Review]. Owner: nan. Priority: Critical. Next review: 2026-05-08.","description_ar":"تطبيق واختبار ضوابط 'Risk Management' وفق الإصدار الثاني من ضوابط الأمن السيبراني الأساسية (NCA ECC). تحديد النطاق والمالكين المسؤولين، والحفاظ على خطوط الأساس للإعدادات، والاحتفاظ بأدلة التشغيل (إعدادات/لقطات/تقارير). تتبع حالات عدم المطابقة وإغلاق إجراءات المعالجة ضمن اتفاقيات مستوى الخدمة. الحد الأدنى للأدلة: [Policy/Standard; Configuration/Capture; Report/Review]. المالك: nan. الأولوية: Critical. المراجعة القادمة: 2026-05-08.","organization_id":null,"assessment_id":null,"control_id":"NCA-ECC::Risk_Management","finding_id":null,"remediation_plan_id":null,"priority":"medium","status":"pending","progress_percentage":0,"assigned_to":null,"assigned_to_email":null,"assigned_to_name":"Team - nan","assigned_team":null,"collaborators":null,"due_date":"2025-11-16T00:00:00.000Z","start_date":null,"completed_date":null,"estimated_hours":null,"actual_hours":null,"depends_on_tasks":null,"is_blocked":false,"blocker_reason":null,"notify_on_due":true,"notify_on_complete":true,"last_reminder_sent":null,"completion_notes":"{\"section\":\"NCA ECC: Risk Management\",\"frameworks\":[\"NCA ECC v2.0\"],\"domain\":\"Risk Management\",\"labels\":[\"NCA ECC v2.0\",\"Risk Management\",\"nan\"],\"evidence_types\":[\"Policy/Standard\",\"Configuration/Capture\",\"Report/Review\"],\"rice_score\":52.5,\"wsjf_score\":9,\"next_review\":\"2026-05-08\"}","completion_evidence":null,"created_by":null,"created_at":"2025-11-14T17:02:44.070Z","updated_at":"2025-11-14T17:02:44.070Z"},{"id":"8d97a949-4492-48cb-9787-2669a78f0711","tenant_id":"default","task_type":"assessment","title":"[NCA ECC v2.0] NCA ECC: Application Security","title_ar":"تطبيق واختبار ضوابط 'Application Security' وفق الإصدار الثاني من ضوابط الأمن السيبراني الأساسية (NCA ECC). تحديد النطاق والمالكين المسؤولين، والحفاظ على خطوط الأساس للإعدادات، والاحتفاظ بأدلة التشغيل (إعدادات/لقطات/تقارير). تتبع حالات عدم المطابقة وإغلاق إجراءات المعالجة ضمن اتفاقيات مستوى الخدمة. الحد الأدنى للأدلة: [Policy/Standard; Configuration/Capture; Report/Review]. المالك: nan. الأولوية: Critical. المراجعة القادمة: 2026-05-08.","description":"Implement and periodically test controls under NCA ECC v2.0 – 'Application Security'. Define scope and responsible owners, maintain configuration baselines, and retain proof of control operation (configs/screenshots/reports). Track nonconformities and close remediation actions within defined SLAs. Minimum evidence: [Policy/Standard; Configuration/Capture; Report/Review]. Owner: nan. Priority: Critical. Next review: 2026-05-08.","description_ar":"تطبيق واختبار ضوابط 'Application Security' وفق الإصدار الثاني من ضوابط الأمن السيبراني الأساسية (NCA ECC). تحديد النطاق والمالكين المسؤولين، والحفاظ على خطوط الأساس للإعدادات، والاحتفاظ بأدلة التشغيل (إعدادات/لقطات/تقارير). تتبع حالات عدم المطابقة وإغلاق إجراءات المعالجة ضمن اتفاقيات مستوى الخدمة. الحد الأدنى للأدلة: [Policy/Standard; Configuration/Capture; Report/Review]. المالك: nan. الأولوية: Critical. المراجعة القادمة: 2026-05-08.","organization_id":null,"assessment_id":null,"control_id":"NCA-ECC::Application_Security","finding_id":null,"remediation_plan_id":null,"priority":"medium","status":"pending","progress_percentage":0,"assigned_to":null,"assigned_to_email":null,"assigned_to_name":"Team - nan","assigned_team":null,"collaborators":null,"due_date":"2025-11-16T00:00:00.000Z","start_date":null,"completed_date":null,"estimated_hours":null,"actual_hours":null,"depends_on_tasks":null,"is_blocked":false,"blocker_reason":null,"notify_on_due":true,"notify_on_complete":true,"last_reminder_sent":null,"completion_notes":"{\"section\":\"NCA ECC: Application Security\",\"frameworks\":[\"NCA ECC v2.0\"],\"domain\":\"Third-Party Risk\",\"labels\":[\"NCA ECC v2.0\",\"Third-Party Risk\",\"nan\"],\"evidence_types\":[\"Policy/Standard\",\"Configuration/Capture\",\"Report/Review\"],\"rice_score\":52.5,\"wsjf_score\":9,\"next_review\":\"2026-05-08\"}","completion_evidence":null,"created_by":null,"created_at":"2025-11-14T17:02:44.071Z","updated_at":"2025-11-14T17:02:44.071Z"},{"id":"e4393e95-b785-4b93-96f8-4f9e2066c5e4","tenant_id":"default","task_type":"assessment","title":"[NCA ECC v2.0] NCA ECC: Access Control","title_ar":"تطبيق واختبار ضوابط 'Access Control' وفق الإصدار الثاني من ضوابط الأمن السيبراني الأساسية (NCA ECC). تحديد النطاق والمالكين المسؤولين، والحفاظ على خطوط الأساس للإعدادات، والاحتفاظ بأدلة التشغيل (إعدادات/لقطات/تقارير). تتبع حالات عدم المطابقة وإغلاق إجراءات المعالجة ضمن اتفاقيات مستوى الخدمة. الحد الأدنى للأدلة: [Policy/Standard; Configuration/Capture; Report/Review]. المالك: nan. الأولوية: Critical. المراجعة القادمة: 2026-05-08.","description":"Implement and periodically test controls under NCA ECC v2.0 – 'Access Control'. Define scope and responsible owners, maintain configuration baselines, and retain proof of control operation (configs/screenshots/reports). Track nonconformities and close remediation actions within defined SLAs. Minimum evidence: [Policy/Standard; Configuration/Capture; Report/Review]. Owner: nan. Priority: Critical. Next review: 2026-05-08.","description_ar":"تطبيق واختبار ضوابط 'Access Control' وفق الإصدار الثاني من ضوابط الأمن السيبراني الأساسية (NCA ECC). تحديد النطاق والمالكين المسؤولين، والحفاظ على خطوط الأساس للإعدادات، والاحتفاظ بأدلة التشغيل (إعدادات/لقطات/تقارير). تتبع حالات عدم المطابقة وإغلاق إجراءات المعالجة ضمن اتفاقيات مستوى الخدمة. الحد الأدنى للأدلة: [Policy/Standard; Configuration/Capture; Report/Review]. المالك: nan. الأولوية: Critical. المراجعة القادمة: 2026-05-08.","organization_id":null,"assessment_id":null,"control_id":"NCA-ECC::Access_Control","finding_id":null,"remediation_plan_id":null,"priority":"medium","status":"pending","progress_percentage":0,"assigned_to":null,"assigned_to_email":null,"assigned_to_name":"Team - nan","assigned_team":null,"collaborators":null,"due_date":"2025-11-16T00:00:00.000Z","start_date":null,"completed_date":null,"estimated_hours":null,"actual_hours":null,"depends_on_tasks":null,"is_blocked":false,"blocker_reason":null,"notify_on_due":true,"notify_on_complete":true,"last_reminder_sent":null,"completion_notes":"{\"section\":\"NCA ECC: Access Control\",\"frameworks\":[\"NCA ECC v2.0\",\"SAMA CSF\"],\"domain\":\"Compliance\",\"labels\":[\"NCA ECC v2.0\",\"SAMA CSF\",\"Compliance\",\"Record/Log\"],\"evidence_types\":[\"Policy/Standard\",\"Configuration/Capture\",\"Report/Review\"],\"rice_score\":113.4,\"wsjf_score\":10,\"next_review\":\"2026-05-08\"}","completion_evidence":null,"created_by":null,"created_at":"2025-11-14T17:02:44.073Z","updated_at":"2025-11-14T17:02:44.073Z"},{"id":"2282e4f1-a0b2-45d7-8ddd-997e7636c3bf","tenant_id":"default","task_type":"assessment","title":"[NCA ECC v2.0] NCA ECC: Access Control","title_ar":"تطبيق واختبار ضوابط 'Access Control' وفق الإصدار الثاني من ضوابط الأمن السيبراني الأساسية (NCA ECC). تحديد النطاق والمالكين المسؤولين، والحفاظ على خطوط الأساس للإعدادات، والاحتفاظ بأدلة التشغيل (إعدادات/لقطات/تقارير). تتبع حالات عدم المطابقة وإغلاق إجراءات المعالجة ضمن اتفاقيات مستوى الخدمة. الحد الأدنى للأدلة: [Policy/Standard; Configuration/Capture; Report/Review]. المالك: nan. الأولوية: Critical. المراجعة القادمة: 2026-05-08.","description":"Implement and periodically test controls under NCA ECC v2.0 – 'Access Control'. Define scope and responsible owners, maintain configuration baselines, and retain proof of control operation (configs/screenshots/reports). Track nonconformities and close remediation actions within defined SLAs. Minimum evidence: [Policy/Standard; Configuration/Capture; Report/Review]. Owner: nan. Priority: Critical. Next review: 2026-05-08.","description_ar":"تطبيق واختبار ضوابط 'Access Control' وفق الإصدار الثاني من ضوابط الأمن السيبراني الأساسية (NCA ECC). تحديد النطاق والمالكين المسؤولين، والحفاظ على خطوط الأساس للإعدادات، والاحتفاظ بأدلة التشغيل (إعدادات/لقطات/تقارير). تتبع حالات عدم المطابقة وإغلاق إجراءات المعالجة ضمن اتفاقيات مستوى الخدمة. الحد الأدنى للأدلة: [Policy/Standard; Configuration/Capture; Report/Review]. المالك: nan. الأولوية: Critical. المراجعة القادمة: 2026-05-08.","organization_id":null,"assessment_id":null,"control_id":"NCA-ECC::Access_Control","finding_id":null,"remediation_plan_id":null,"priority":"medium","status":"pending","progress_percentage":0,"assigned_to":null,"assigned_to_email":null,"assigned_to_name":"Team - nan","assigned_team":null,"collaborators":null,"due_date":"2025-11-16T00:00:00.000Z","start_date":null,"completed_date":null,"estimated_hours":null,"actual_hours":null,"depends_on_tasks":null,"is_blocked":false,"blocker_reason":null,"notify_on_due":true,"notify_on_complete":true,"last_reminder_sent":null,"completion_notes":"{\"section\":\"NCA ECC: Access Control\",\"frameworks\":[\"NCA ECC v2.0\",\"SAMA CSF\"],\"domain\":\"Access Control\",\"labels\":[\"NCA ECC v2.0\",\"SAMA CSF\",\"Access Control\",\"nan\"],\"evidence_types\":[\"Policy/Standard\",\"Configuration/Capture\",\"Report/Review\"],\"rice_score\":94.5,\"wsjf_... (set the log level to DEBUG or TRACE to see the full content) 
 </msg>
<msg time="2025-11-14T20:15:07.153923" level="INFO">${response} = &lt;Response [200]&gt;</msg>
<var>${response}</var>
<arg>${API_ENDPOINT}</arg>
<arg>params=${params}</arg>
<arg>expected_status=200</arg>
<doc>Sends a GET request.</doc>
<status status="PASS" start="2025-11-14T20:15:06.843351" elapsed="0.310572"/>
</kw>
<kw name="Set Variable" owner="BuiltIn">
<msg time="2025-11-14T20:15:07.153923" level="INFO">${json} = {'success': True, 'data': [{'id': '16c63f59-0945-4c2c-9317-b2a0db313281', 'tenant_id': 'default', 'task_type': 'assessment', 'title': '[NCA ECC v2.0] NCA ECC: Risk Management', 'title_ar': "تطبيق واخت...</msg>
<var>${json}</var>
<arg>${response.json()}</arg>
<doc>Returns the given values which can then be assigned to a variables.</doc>
<status status="PASS" start="2025-11-14T20:15:07.153923" elapsed="0.000000"/>
</kw>
<kw name="Set Variable" owner="BuiltIn">
<msg time="2025-11-14T20:15:07.153923" level="INFO">${tasks} = [{'id': '16c63f59-0945-4c2c-9317-b2a0db313281', 'tenant_id': 'default', 'task_type': 'assessment', 'title': '[NCA ECC v2.0] NCA ECC: Risk Management', 'title_ar': "تطبيق واختبار ضوابط 'Risk Management...</msg>
<var>${tasks}</var>
<arg>${json['data']}</arg>
<doc>Returns the given values which can then be assigned to a variables.</doc>
<status status="PASS" start="2025-11-14T20:15:07.153923" elapsed="0.000000"/>
</kw>
<kw name="Get Length" owner="BuiltIn">
<msg time="2025-11-14T20:15:07.156935" level="INFO">Length is 5.</msg>
<msg time="2025-11-14T20:15:07.156935" level="INFO">${count} = 5</msg>
<var>${count}</var>
<arg>${tasks}</arg>
<doc>Returns and logs the length of the given item as an integer.</doc>
<status status="PASS" start="2025-11-14T20:15:07.156935" elapsed="0.000000"/>
</kw>
<kw name="Log" owner="BuiltIn">
<msg time="2025-11-14T20:15:07.156935" level="INFO">Combined filter returned 5 tasks</msg>
<arg>Combined filter returned ${count} tasks</arg>
<doc>Logs the given message with the given level.</doc>
<status status="PASS" start="2025-11-14T20:15:07.156935" elapsed="0.000000"/>
</kw>
<doc>Apply multiple filters simultaneously</doc>
<tag>complex</tag>
<tag>filter</tag>
<status status="PASS" start="2025-11-14T20:15:06.835856" elapsed="0.321079"/>
</test>
<test id="s1-t24" name="TC024_Delete_Test_Task" line="326">
<kw name="DELETE" owner="RequestsLibrary">
<msg time="2025-11-14T20:15:07.601034" level="INFO">DELETE Request : url=http://localhost:3005/api/tasks/da605beb-44c7-4531-9f06-b7a6b63ac102 
 path_url=/api/tasks/da605beb-44c7-4531-9f06-b7a6b63ac102 
 headers={'User-Agent': 'python-requests/2.31.0', 'Accept-Encoding': 'gzip, deflate, br, zstd', 'Accept': '*/*', 'Connection': 'keep-alive', 'Content-Length': '0'} 
 body=None 
 </msg>
<msg time="2025-11-14T20:15:07.601034" level="INFO">DELETE Response : url=http://localhost:3005/api/tasks/da605beb-44c7-4531-9f06-b7a6b63ac102 
 status=200, reason=OK 
 headers={'X-Request-ID': 'req_1763140507161_d9b2e8fea64b3777', 'Content-Security-Policy': "default-src 'self';script-src 'self' 'unsafe-inline';style-src 'self' 'unsafe-inline';img-src 'self' data: https:;connect-src 'self';font-src 'self';object-src 'none';media-src 'self';frame-src 'none';base-uri 'self';form-action 'self';frame-ancestors 'self';script-src-attr 'none';upgrade-insecure-requests", 'Cross-Origin-Opener-Policy': 'same-origin', 'Cross-Origin-Resource-Policy': 'cross-origin', 'Origin-Agent-Cluster': '?1', 'Referrer-Policy': 'no-referrer', 'Strict-Transport-Security': 'max-age=31536000; includeSubDomains; preload', 'X-Content-Type-Options': 'nosniff', 'X-DNS-Prefetch-Control': 'off', 'X-Download-Options': 'noopen', 'X-Frame-Options': 'DENY', 'X-Permitted-Cross-Domain-Policies': 'none', 'X-XSS-Protection': '0', 'Vary': 'Origin', 'Access-Control-Allow-Credentials': 'true', 'RateLimit-Policy': '100;w=900', 'RateLimit-Limit': '100', 'RateLimit-Remaining': '9', 'RateLimit-Reset': '566', 'X-Response-Time': '439ms', 'Content-Type': 'application/json; charset=utf-8', 'Content-Length': '54', 'ETag': 'W/"36-nEz6SFM1ji4GJKYMbq77oGLxI5Y"', 'Date': 'Fri, 14 Nov 2025 17:15:07 GMT', 'Connection': 'keep-alive', 'Keep-Alive': 'timeout=5'} 
 body={"success":true,"message":"Task deleted successfully"} 
 </msg>
<msg time="2025-11-14T20:15:07.601034" level="INFO">${response} = &lt;Response [200]&gt;</msg>
<var>${response}</var>
<arg>${API_ENDPOINT}/${CREATED_TASK_ID}</arg>
<arg>expected_status=200</arg>
<doc>Sends a DELETE request.</doc>
<status status="PASS" start="2025-11-14T20:15:07.158526" elapsed="0.442508"/>
</kw>
<kw name="Set Variable" owner="BuiltIn">
<msg time="2025-11-14T20:15:07.602376" level="INFO">${json} = {'success': True, 'message': 'Task deleted successfully'}</msg>
<var>${json}</var>
<arg>${response.json()}</arg>
<doc>Returns the given values which can then be assigned to a variables.</doc>
<status status="PASS" start="2025-11-14T20:15:07.602376" elapsed="0.000000"/>
</kw>
<kw name="Should Be True" owner="BuiltIn">
<arg>${json['success']}</arg>
<doc>Fails if the given condition is not true.</doc>
<status status="PASS" start="2025-11-14T20:15:07.603378" elapsed="0.000000"/>
</kw>
<doc>Clean up by deleting test task</doc>
<tag>cleanup</tag>
<tag>crud</tag>
<status status="PASS" start="2025-11-14T20:15:07.157945" elapsed="0.445433"/>
</test>
<test id="s1-t25" name="TC025_Verify_Task_Deleted" line="334">
<kw name="GET" owner="RequestsLibrary">
<msg time="2025-11-14T20:15:07.818125" level="INFO">GET Request : url=http://localhost:3005/api/tasks/da605beb-44c7-4531-9f06-b7a6b63ac102 
 path_url=/api/tasks/da605beb-44c7-4531-9f06-b7a6b63ac102 
 headers={'User-Agent': 'python-requests/2.31.0', 'Accept-Encoding': 'gzip, deflate, br, zstd', 'Accept': '*/*', 'Connection': 'keep-alive'} 
 body=None 
 </msg>
<msg time="2025-11-14T20:15:07.818125" level="INFO">GET Response : url=http://localhost:3005/api/tasks/da605beb-44c7-4531-9f06-b7a6b63ac102 
 status=404, reason=Not Found 
 headers={'X-Request-ID': 'req_1763140507607_61912d0a964b7eb7', 'Content-Security-Policy': "default-src 'self';script-src 'self' 'unsafe-inline';style-src 'self' 'unsafe-inline';img-src 'self' data: https:;connect-src 'self';font-src 'self';object-src 'none';media-src 'self';frame-src 'none';base-uri 'self';form-action 'self';frame-ancestors 'self';script-src-attr 'none';upgrade-insecure-requests", 'Cross-Origin-Opener-Policy': 'same-origin', 'Cross-Origin-Resource-Policy': 'cross-origin', 'Origin-Agent-Cluster': '?1', 'Referrer-Policy': 'no-referrer', 'Strict-Transport-Security': 'max-age=31536000; includeSubDomains; preload', 'X-Content-Type-Options': 'nosniff', 'X-DNS-Prefetch-Control': 'off', 'X-Download-Options': 'noopen', 'X-Frame-Options': 'DENY', 'X-Permitted-Cross-Domain-Policies': 'none', 'X-XSS-Protection': '0', 'Vary': 'Origin', 'Access-Control-Allow-Credentials': 'true', 'RateLimit-Policy': '100;w=900', 'RateLimit-Limit': '100', 'RateLimit-Remaining': '8', 'RateLimit-Reset': '565', 'X-Response-Time': '213ms', 'Content-Type': 'application/json; charset=utf-8', 'Content-Length': '42', 'ETag': 'W/"2a-Exd/gNicOCXFCeCqGTussKadsrA"', 'Date': 'Fri, 14 Nov 2025 17:15:07 GMT', 'Connection': 'keep-alive', 'Keep-Alive': 'timeout=5'} 
 body={"success":false,"error":"Task not found"} 
 </msg>
<msg time="2025-11-14T20:15:07.818125" level="INFO">${response} = &lt;Response [404]&gt;</msg>
<var>${response}</var>
<arg>${API_ENDPOINT}/${CREATED_TASK_ID}</arg>
<arg>expected_status=404</arg>
<doc>Sends a GET request.</doc>
<status status="PASS" start="2025-11-14T20:15:07.604885" elapsed="0.213240"/>
</kw>
<kw name="Log" owner="BuiltIn">
<msg time="2025-11-14T20:15:07.818125" level="INFO">Task correctly returns 404 after deletion</msg>
<arg>Task correctly returns 404 after deletion</arg>
<doc>Logs the given message with the given level.</doc>
<status status="PASS" start="2025-11-14T20:15:07.818125" elapsed="0.000000"/>
</kw>
<doc>Confirm deleted task returns 404</doc>
<tag>validation</tag>
<status status="PASS" start="2025-11-14T20:15:07.603378" elapsed="0.214747"/>
</test>
<kw name="Cleanup Test Environment" type="TEARDOWN">
<kw name="Delete All Sessions" owner="RequestsLibrary">
<msg time="2025-11-14T20:15:07.827376" level="INFO">Deleting All Sessions</msg>
<doc>Removes all the session objects</doc>
<status status="PASS" start="2025-11-14T20:15:07.827376" elapsed="0.000000"/>
</kw>
<kw name="Log" owner="BuiltIn">
<msg time="2025-11-14T20:15:07.827376" level="INFO">GRC RoboCon Test Suite Completed</msg>
<arg>GRC RoboCon Test Suite Completed</arg>
<doc>Logs the given message with the given level.</doc>
<status status="PASS" start="2025-11-14T20:15:07.827376" elapsed="0.000000"/>
</kw>
<doc>Clean up after tests</doc>
<status status="PASS" start="2025-11-14T20:15:07.826870" elapsed="0.000506"/>
</kw>
<doc>GRC Task Management API Test Suite - Comprehensive REST API Testing</doc>
<status status="PASS" start="2025-11-14T20:14:58.067198" elapsed="9.760178"/>
</suite>
<statistics>
<total>
<stat pass="25" fail="0" skip="0">All Tests</stat>
</total>
<tag>
<stat pass="1" fail="0" skip="0">analytics</stat>
<stat pass="2" fail="0" skip="0">assign</stat>
<stat pass="1" fail="0" skip="0">cleanup</stat>
<stat pass="1" fail="0" skip="0">complete</stat>
<stat pass="1" fail="0" skip="0">complex</stat>
<stat pass="1" fail="0" skip="0">create</stat>
<stat pass="5" fail="0" skip="0">crud</stat>
<stat pass="7" fail="0" skip="0">filter</stat>
<stat pass="2" fail="0" skip="0">pagination</stat>
<stat pass="2" fail="0" skip="0">search</stat>
<stat pass="2" fail="0" skip="0">smoke</stat>
<stat pass="1" fail="0" skip="0">sort</stat>
<stat pass="1" fail="0" skip="0">update</stat>
<stat pass="1" fail="0" skip="0">validation</stat>
<stat pass="5" fail="0" skip="0">workflow</stat>
</tag>
<suite>
<stat name="GRC_Task_API" id="s1" pass="25" fail="0" skip="0">GRC_Task_API</stat>
</suite>
</statistics>
<errors>
</errors>
</robot>
