<?xml version="1.0" encoding="UTF-8"?>
<robot generator="Robot 7.3.2 (Python 3.11.9 on win32)" generated="2025-11-16T19:39:51.113206" rpa="false" schemaversion="5">
<suite id="s1" name="Bff-Authentication-Tests" source="D:\Projects\Shahin-ai-App\apps\bff\test\bff-authentication-tests.robot">
<kw name="Create BFF Session" type="SETUP">
<kw name="Create Session" owner="RequestsLibrary">
<msg time="2025-11-16T19:39:51.381994" level="INFO">Creating Session using : alias=bff, url=http://172.21.160.1:3007, headers={},                     cookies={}, auth=None, timeout=10, proxies=None, verify=False,                     debug=0 </msg>
<arg>bff</arg>
<arg>${BASE_URL}</arg>
<arg>timeout=${DEFAULT_TIMEOUT}</arg>
<doc>Create Session: create a HTTP session to a server</doc>
<status status="PASS" start="2025-11-16T19:39:51.380337" elapsed="0.001657"/>
</kw>
<status status="PASS" start="2025-11-16T19:39:51.380337" elapsed="0.001657"/>
</kw>
<test id="s1-t1" name="Demo Registration Uses /api/public/demo/request" line="120">
<kw name="Create Dictionary" owner="BuiltIn">
<msg time="2025-11-16T19:39:51.383000" level="INFO">${payload} = {'fullName': 'Web User', 'email': 'webuser@example.com', 'companyName': 'Web Corp'}</msg>
<var>${payload}</var>
<arg>fullName=${DEMO_FULL_NAME}</arg>
<arg>email=${USER_EMAIL}</arg>
<arg>companyName=${DEMO_COMPANY}</arg>
<doc>Creates and returns a dictionary based on the given ``items``.</doc>
<status status="PASS" start="2025-11-16T19:39:51.383000" elapsed="0.000000"/>
</kw>
<kw name="POST On Session" owner="RequestsLibrary">
<msg time="2025-11-16T19:39:51.445850" level="INFO">POST Request : url=http://172.21.160.1:3007/api/public/demo/request 
 path_url=/api/public/demo/request 
 headers={'User-Agent': 'python-requests/2.31.0', 'Accept-Encoding': 'gzip, deflate, br, zstd', 'Accept': '*/*', 'Connection': 'keep-alive', 'Content-Length': '83', 'Content-Type': 'application/json'} 
 body=b'{"fullName": "Web User", "email": "webuser@example.com", "companyName": "Web Corp"}' 
 </msg>
<msg time="2025-11-16T19:39:51.446391" level="INFO">POST Response : url=http://172.21.160.1:3007/api/public/demo/request 
 status=200, reason=OK 
 headers={'X-Request-ID': 'req_1763311269362_0da80e48a9cb23b0', 'Content-Security-Policy': "default-src 'self';script-src 'self' 'unsafe-inline';style-src 'self' 'unsafe-inline';img-src 'self' data: https:;connect-src 'self';font-src 'self';object-src 'none';media-src 'self';frame-ancestors 'none';base-uri 'self';form-action 'self';script-src-attr 'none';upgrade-insecure-requests", 'Cross-Origin-Opener-Policy': 'same-origin', 'Cross-Origin-Resource-Policy': 'cross-origin', 'Origin-Agent-Cluster': '?1', 'Referrer-Policy': 'no-referrer', 'Strict-Transport-Security': 'max-age=31536000; includeSubDomains; preload', 'X-Content-Type-Options': 'nosniff', 'X-DNS-Prefetch-Control': 'off', 'X-Download-Options': 'noopen', 'X-Permitted-Cross-Domain-Policies': 'none', 'Content-Type': 'application/json; charset=utf-8', 'Cache-Control': 'no-store, no-cache, must-revalidate, private', 'Vary': 'Origin', 'Access-Control-Allow-Credentials': 'true', 'RateLimit-Policy': '100;w=900', 'RateLimit-Limit': '100', 'RateLimit-Remaining': '97', 'RateLimit-Reset': '879', 'X-Response-Time': '25ms', 'Content-Length': '925', 'ETag': 'W/"39d-fBVr7Y4XnoyOZP1ofjl0kdQ0EOo"', 'Date': 'Sun, 16 Nov 2025 16:41:09 GMT', 'Connection': 'keep-alive', 'Keep-Alive': 'timeout=5'} 
 body={"requestId":"1a4e094b-27ee-453b-b199-880ea291c106","status":"approved_auto","tenant":{"id":"781152cd-fa06-474b-bc5e-9b1200c9beea","slug":"web-corp-demo-mi1suovb","type":"demo"},"user":{"id":"ba11820f-fc46-4515-af10-a09f8011f1da","email":"webuser@example.com","fullName":"Web User","role":"demo-admin"},"token":"eyJhbGciOiJIUzI1NiIsInR5cCI6IkpXVCJ9.eyJzdWIiOiJiYTExODIwZi1mYzQ2LTQ1MTUtYWYxMC1hMDlmODAxMWYxZGEiLCJlbWFpbCI6IndlYnVzZXJAZXhhbXBsZS5jb20iLCJ0ZW5hbnRJZCI6Ijc4MTE1MmNkLWZhMDYtNDc0Yi1iYzVlLTliMTIwMGM5YmVlYSIsInRlbmFudFR5cGUiOiJkZW1vIiwidGVuYW50U2x1ZyI6IndlYi1jb3JwLWRlbW8tbWkxc3VvdmIiLCJyb2xlIjoiZGVtby1hZG1pbiIsImlhdCI6MTc2MzMxMTI2OSwianRpIjoiYmExMTgyMGYtZmM0Ni00NTE1LWFmMTAtYTA5ZjgwMTFmMWRhLTc4MTE1MmNkLWZhMDYtNDc0Yi1iYzVlLTliMTIwMGM5YmVlYS0xNzYzMzExMjY5IiwiaXNzIjoiZ3JjLWJmZiIsImF1ZCI6ImdyYy1wbGF0Zm9ybSIsImV4cCI6MTc2MzkxNjA2OX0.x6bC_Ql9TL-oYj0gMs0RVcIYHAUMUkwFQNkxWJUOXMM","expiresAt":"2025-12-16T14:16:59.495Z"} 
 </msg>
<msg time="2025-11-16T19:39:51.446391" level="INFO">${resp} = &lt;Response [200]&gt;</msg>
<var>${resp}</var>
<arg>bff</arg>
<arg>/api/public/demo/request</arg>
<arg>json=${payload}</arg>
<doc>Sends a POST request on a previously created HTTP Session.</doc>
<status status="PASS" start="2025-11-16T19:39:51.383000" elapsed="0.063391"/>
</kw>
<kw name="Should Be Equal As Integers" owner="BuiltIn">
<msg time="2025-11-16T19:39:51.447997" level="INFO">Argument types are:
&lt;class 'int'&gt;
&lt;class 'str'&gt;</msg>
<arg>${resp.status_code}</arg>
<arg>200</arg>
<doc>Fails if objects are unequal after converting them to integers.</doc>
<status status="PASS" start="2025-11-16T19:39:51.446942" elapsed="0.001055"/>
</kw>
<kw name="To Json" owner="RequestsLibrary">
<msg time="2025-11-16T19:39:51.448538" level="WARN">Keyword 'RequestsLibrary.To Json' is deprecated. Please use ${resp.json()} instead. Have a look at the improved HTML output as pretty printing replacement.</msg>
<msg time="2025-11-16T19:39:51.450200" level="INFO">To JSON using : content={"requestId":"1a4e094b-27ee-453b-b199-880ea291c106","status":"approved_auto","tenant":{"id":"781152cd-fa06-474b-bc5e-9b1200c9beea","slug":"web-corp-demo-mi1suovb","type":"demo"},"user":{"id":"ba11820f-fc46-4515-af10-a09f8011f1da","email":"webuser@example.com","fullName":"Web User","role":"demo-admin"},"token":"eyJhbGciOiJIUzI1NiIsInR5cCI6IkpXVCJ9.eyJzdWIiOiJiYTExODIwZi1mYzQ2LTQ1MTUtYWYxMC1hMDlmODAxMWYxZGEiLCJlbWFpbCI6IndlYnVzZXJAZXhhbXBsZS5jb20iLCJ0ZW5hbnRJZCI6Ijc4MTE1MmNkLWZhMDYtNDc0Yi1iYzVlLTliMTIwMGM5YmVlYSIsInRlbmFudFR5cGUiOiJkZW1vIiwidGVuYW50U2x1ZyI6IndlYi1jb3JwLWRlbW8tbWkxc3VvdmIiLCJyb2xlIjoiZGVtby1hZG1pbiIsImlhdCI6MTc2MzMxMTI2OSwianRpIjoiYmExMTgyMGYtZmM0Ni00NTE1LWFmMTAtYTA5ZjgwMTFmMWRhLTc4MTE1MmNkLWZhMDYtNDc0Yi1iYzVlLTliMTIwMGM5YmVlYS0xNzYzMzExMjY5IiwiaXNzIjoiZ3JjLWJmZiIsImF1ZCI6ImdyYy1wbGF0Zm9ybSIsImV4cCI6MTc2MzkxNjA2OX0.x6bC_Ql9TL-oYj0gMs0RVcIYHAUMUkwFQNkxWJUOXMM","expiresAt":"2025-12-16T14:16:59.495Z"} </msg>
<msg time="2025-11-16T19:39:51.450717" level="INFO">To JSON using : pretty_print=False </msg>
<msg time="2025-11-16T19:39:51.450717" level="INFO">${data} = {'requestId': '1a4e094b-27ee-453b-b199-880ea291c106', 'status': 'approved_auto', 'tenant': {'id': '781152cd-fa06-474b-bc5e-9b1200c9beea', 'slug': 'web-corp-demo-mi1suovb', 'type': 'demo'}, 'user': {'i...</msg>
<var>${data}</var>
<arg>${resp.content}</arg>
<doc>*DEPRECATED* Please use ${resp.json()} instead. Have a look at the improved HTML output as pretty printing replacement.</doc>
<status status="PASS" start="2025-11-16T19:39:51.448538" elapsed="0.002179"/>
</kw>
<kw name="Dictionary Should Contain Key" owner="Collections">
<arg>${data}</arg>
<arg>requestId</arg>
<doc>Fails if ``key`` is not found from ``dictionary``.</doc>
<status status="PASS" start="2025-11-16T19:39:51.450717" elapsed="0.000538"/>
</kw>
<kw name="Dictionary Should Contain Key" owner="Collections">
<arg>${data}</arg>
<arg>status</arg>
<doc>Fails if ``key`` is not found from ``dictionary``.</doc>
<status status="PASS" start="2025-11-16T19:39:51.451255" elapsed="0.000536"/>
</kw>
<tag>demo</tag>
<tag>public</tag>
<status status="PASS" start="2025-11-16T19:39:51.381994" elapsed="0.069797"/>
</test>
<kw name="Delete All Sessions" owner="RequestsLibrary" type="TEARDOWN">
<msg time="2025-11-16T19:39:51.453464" level="INFO">Deleting All Sessions</msg>
<doc>Removes all the session objects</doc>
<status status="PASS" start="2025-11-16T19:39:51.453464" elapsed="0.000000"/>
</kw>
<doc>Full-path authentication and public-access tests for BFF</doc>
<status status="PASS" start="2025-11-16T19:39:51.116483" elapsed="0.336981"/>
</suite>
<statistics>
<total>
<stat pass="1" fail="0" skip="0">All Tests</stat>
</total>
<tag>
<stat pass="1" fail="0" skip="0">demo</stat>
<stat pass="1" fail="0" skip="0">public</stat>
</tag>
<suite>
<stat name="Bff-Authentication-Tests" id="s1" pass="1" fail="0" skip="0">Bff-Authentication-Tests</stat>
</suite>
</statistics>
<errors>
<msg time="2025-11-16T19:39:51.448538" level="WARN">Keyword 'RequestsLibrary.To Json' is deprecated. Please use ${resp.json()} instead. Have a look at the improved HTML output as pretty printing replacement.</msg>
</errors>
</robot>
